Using pre-set license
Built from '6000.1/staging' branch; Version is '6000.1.5f1 (923722cbbcfc) revision 9582370'; Using compiler version '194234433'; Build Type 'Release'
OS: 'Windows 11  (10.0.26100) 64bit Core' Language: 'en' Physical Memory: 32673 MB
BatchMode: 1, IsHumanControllingUs: 0, StartBugReporterOnCrash: 0, Is64bit: 1, IsPro: 1
Date: 2025-06-16T18:26:40Z

COMMAND LINE ARGUMENTS:
E:\Unity\6000.1.5f1\Editor\Unity.exe
-adb2
-batchMode
-noUpm
-name
AssetImportWorker12
-projectPath
E:/unityGames/Shooter RPG
-logFile
Logs/AssetImportWorker12.log
-srvPort
50274
-job-worker-count
7
-background-job-worker-count
8
-gc-helper-count
1
-name
AssetImport
Successfully changed project path to: E:/unityGames/Shooter RPG
E:/unityGames/Shooter RPG
[UnityMemory] Configuration Parameters - Can be set up in boot.config
    "memorysetup-allocator-temp-initial-block-size-main=262144"
    "memorysetup-allocator-temp-initial-block-size-worker=262144"
    "memorysetup-bucket-allocator-granularity=16"
    "memorysetup-bucket-allocator-bucket-count=8"
    "memorysetup-bucket-allocator-block-size=33554432"
    "memorysetup-bucket-allocator-block-count=8"
    "memorysetup-main-allocator-block-size=16777216"
    "memorysetup-thread-allocator-block-size=16777216"
    "memorysetup-gfx-main-allocator-block-size=16777216"
    "memorysetup-gfx-thread-allocator-block-size=16777216"
    "memorysetup-cache-allocator-block-size=4194304"
    "memorysetup-typetree-allocator-block-size=2097152"
    "memorysetup-profiler-bucket-allocator-granularity=16"
    "memorysetup-profiler-bucket-allocator-bucket-count=8"
    "memorysetup-profiler-bucket-allocator-block-size=33554432"
    "memorysetup-profiler-bucket-allocator-block-count=8"
    "memorysetup-profiler-allocator-block-size=16777216"
    "memorysetup-profiler-editor-allocator-block-size=1048576"
    "memorysetup-temp-allocator-size-main=16777216"
    "memorysetup-job-temp-allocator-block-size=2097152"
    "memorysetup-job-temp-allocator-block-size-background=1048576"
    "memorysetup-job-temp-allocator-reduction-small-platforms=262144"
    "memorysetup-temp-allocator-size-background-worker=32768"
    "memorysetup-temp-allocator-size-job-worker=262144"
    "memorysetup-temp-allocator-size-preload-manager=33554432"
    "memorysetup-temp-allocator-size-nav-mesh-worker=65536"
    "memorysetup-temp-allocator-size-audio-worker=65536"
    "memorysetup-temp-allocator-size-cloud-worker=32768"
    "memorysetup-temp-allocator-size-gi-baking-worker=262144"
    "memorysetup-temp-allocator-size-gi-baking-worker=262144"
    "memorysetup-temp-allocator-size-gi-baking-worker=262144"
    "memorysetup-temp-allocator-size-gi-baking-worker=262144"
    "memorysetup-temp-allocator-size-gi-baking-worker=262144"
    "memorysetup-temp-allocator-size-gfx=262144"
Player connection [25120]  Target information:

Player connection [25120]  * "[IP] 192.168.2.101 [Port] 0 [Flags] 2 [Guid] 3970460620 [EditorId] 3970460620 [Version] 1048832 [Id] WindowsEditor(7,DESKTOP-N3PNBGS) [Debug] 1 [PackageName] WindowsEditor [ProjectName] Editor" 

Player connection [25120] Host joined multi-casting on [225.0.0.222:54997]...
Player connection [25120] Host joined alternative multi-casting on [225.0.0.222:34997]...
JobSystem: Creating JobQueue using job-worker-count value 7
Input System module state changed to: Initialized.
[Physics::Module] Initialized fallback backend.
[Physics::Module] Id: 0xdecafbad
Library Redirect Path: Library/
[Physics::Module] Selected backend.
[Physics::Module] Name: PhysX
[Physics::Module] Id: 0xf2b8ea05
[Physics::Module] SDK Version: 4.1.2
[Physics::Module] Integration Version: 1.0.0
[Physics::Module] Threading Mode: Multi-Threaded
Refreshing native plugins compatible for Editor in 3.11 ms, found 3 plugins.
Preloading 0 native plugins for Editor in 0.00 ms.
Initialize engine version: 6000.1.5f1 (923722cbbcfc)
[Subsystems] Discovering subsystems at path E:/Unity/6000.1.5f1/Editor/Data/Resources/UnitySubsystems
[Subsystems] Discovering subsystems at path E:/unityGames/Shooter RPG/Assets
GfxDevice: creating device client; kGfxThreadingModeNonThreaded
Direct3D:
    Version:         Direct3D 12 [level 12.1]
    Renderer:        NVIDIA GeForce RTX 2060 (ID=0x1f08)
    Vendor:          NVIDIA
    VRAM:            5954 MB
    App VRAM Budget: 5186 MB
    Driver:          32.0.15.7216
Initialize mono
Mono path[0] = 'E:/Unity/6000.1.5f1/Editor/Data/Managed'
Mono path[1] = 'E:/Unity/6000.1.5f1/Editor/Data/MonoBleedingEdge/lib/mono/unityjit-win32'
Mono config path = 'E:/Unity/6000.1.5f1/Editor/Data/MonoBleedingEdge/etc'
Using monoOptions --debugger-agent=transport=dt_socket,embedding=1,server=y,suspend=n,address=127.0.0.1:56292
Begin MonoManager ReloadAssembly
Registering precompiled unity dll's ...
Register platform support module: E:/Unity/6000.1.5f1/Editor/Data/PlaybackEngines/WindowsStandaloneSupport/UnityEditor.WindowsStandalone.Extensions.dll
Registered in 0.003209 seconds.
- Loaded All Assemblies, in  0.676 seconds
Native extension for WindowsStandalone target not found
Mono: successfully reloaded assembly
- Finished resetting the current domain, in  0.474 seconds
Domain Reload Profiling: 1149ms
	BeginReloadAssembly (296ms)
		ExecutionOrderSort (0ms)
		DisableScriptedObjects (0ms)
		BackupInstance (0ms)
		ReleaseScriptingObjects (0ms)
		CreateAndSetChildDomain (1ms)
	RebuildCommonClasses (76ms)
	RebuildNativeTypeToScriptingClass (21ms)
	initialDomainReloadingComplete (70ms)
	LoadAllAssembliesAndSetupDomain (212ms)
		LoadAssemblies (296ms)
		RebuildTransferFunctionScriptingTraits (0ms)
		AnalyzeDomain (207ms)
			TypeCache.Refresh (206ms)
				TypeCache.ScanAssembly (190ms)
			BuildScriptInfoCaches (0ms)
			ResolveRequiredComponents (0ms)
	FinalizeReload (474ms)
		ReleaseScriptCaches (0ms)
		RebuildScriptCaches (0ms)
		SetupLoadedEditorAssemblies (417ms)
			LogAssemblyErrors (0ms)
			InitializePlatformSupportModulesInManaged (59ms)
			SetLoadedEditorAssemblies (5ms)
			BeforeProcessingInitializeOnLoad (97ms)
			ProcessInitializeOnLoadAttributes (196ms)
			ProcessInitializeOnLoadMethodAttributes (60ms)
			AfterProcessingInitializeOnLoad (0ms)
			EditorAssembliesLoaded (0ms)
		ExecutionOrderSort2 (0ms)
		AwakeInstancesAfterBackupRestoration (0ms)
Assembly reference Packages/com.unity.cinemachine/Editor/Samples/ExposeHDRPInternals/HDRP-Editor-ref.asmref has no target assembly definition
========================================================================
Worker process is ready to serve import requests
Import Worker Mode flag is 0x00
Assembly reference Packages/com.unity.cinemachine/Editor/Samples/ExposeHDRPInternals/HDRP-Editor-ref.asmref has no target assembly definition
Assembly reference Packages/com.unity.cinemachine/Editor/Samples/ExposeHDRPInternals/HDRP-Editor-ref.asmref has no target assembly definition
Begin MonoManager ReloadAssembly
- Loaded All Assemblies, in  0.998 seconds
Assembly reference Packages/com.unity.cinemachine/Editor/Samples/ExposeHDRPInternals/HDRP-Editor-ref.asmref has no target assembly definition
'Packages/com.unity.cinemachine/Editor/Obsolete/CinemachineVirtualCameraBaseEditor.cs' contains partial class of Unity.Object, exactly 1 of the partial classes needs to be in a file with the same filename. This is to know the one that can be referenced from ie. GameObjects
'Packages/com.unity.cinemachine/Editor/Editors/CinemachineVirtualCameraBaseEditor.cs' contains partial class of Unity.Object, exactly 1 of the partial classes needs to be in a file with the same filename. This is to know the one that can be referenced from ie. GameObjects
Refreshing native plugins compatible for Editor in 1.38 ms, found 3 plugins.
Native extension for WindowsStandalone target not found
Assembly reference Packages/com.unity.cinemachine/Editor/Samples/ExposeHDRPInternals/HDRP-Editor-ref.asmref has no target assembly definition
[MODES] ModeService[none].Initialize
[MODES] ModeService[none].LoadModes
[MODES] Loading mode Default (0) for mode-current-id-Shooter RPG
Package Manager log level set to [2]
[Package Manager] Failed to launch server process. Reason: Unity was launched with the -noUpm command-line argument
[Package Manager] Unable to send message (not connected to server process).
[Package Manager] Cannot connect to Unity Package Manager local server
Mono: successfully reloaded assembly
- Finished resetting the current domain, in  1.040 seconds
Domain Reload Profiling: 2037ms
	BeginReloadAssembly (311ms)
		ExecutionOrderSort (0ms)
		DisableScriptedObjects (7ms)
		BackupInstance (0ms)
		ReleaseScriptingObjects (0ms)
		CreateAndSetChildDomain (48ms)
	RebuildCommonClasses (42ms)
	RebuildNativeTypeToScriptingClass (12ms)
	initialDomainReloadingComplete (44ms)
	LoadAllAssembliesAndSetupDomain (586ms)
		LoadAssemblies (481ms)
		RebuildTransferFunctionScriptingTraits (0ms)
		AnalyzeDomain (318ms)
			TypeCache.Refresh (232ms)
				TypeCache.ScanAssembly (212ms)
			BuildScriptInfoCaches (67ms)
			ResolveRequiredComponents (16ms)
	FinalizeReload (1041ms)
		ReleaseScriptCaches (0ms)
		RebuildScriptCaches (0ms)
		SetupLoadedEditorAssemblies (792ms)
			LogAssemblyErrors (0ms)
			InitializePlatformSupportModulesInManaged (2ms)
			SetLoadedEditorAssemblies (6ms)
			BeforeProcessingInitializeOnLoad (199ms)
			ProcessInitializeOnLoadAttributes (530ms)
			ProcessInitializeOnLoadMethodAttributes (54ms)
			AfterProcessingInitializeOnLoad (2ms)
			EditorAssembliesLoaded (0ms)
		ExecutionOrderSort2 (0ms)
		AwakeInstancesAfterBackupRestoration (6ms)
Launched and connected shader compiler UnityShaderCompiler.exe after 0.02 seconds
Refreshing native plugins compatible for Editor in 2.22 ms, found 3 plugins.
Preloading 0 native plugins for Editor in 0.00 ms.
Unloading 220 Unused Serialized files (Serialized files now loaded: 0)
Unloading 6486 unused Assets / (5.1 MB). Loaded Objects now: 7203.
Memory consumption went from 172.3 MB to 167.2 MB.
Total: 16.052000 ms (FindLiveObjects: 0.721300 ms CreateObjectMapping: 1.011200 ms MarkObjects: 10.483600 ms  DeleteObjects: 3.834600 ms)

========================================================================
Received Import Request.
  Time since last request: 12808.277018 seconds.
  path: Assets/Models/Props/bathtub.prefab
  artifactKey: Guid(d541661cb0e76f9488c220c115bf0f15) Importer(2089858483,192608db42251d675da83286b1cce702)
Start importing Assets/Models/Props/bathtub.prefab using Guid(d541661cb0e76f9488c220c115bf0f15) Importer(2089858483,192608db42251d675da83286b1cce702) (ScriptedImporter) -> (artifact id: '37f4dbe56301a87da1f760ef62f388f1') in 0.241618 seconds
Number of updated asset objects reloaded before import = 0Number of asset objects unloaded after import = 8

========================================================================
Received Import Request.
  Time since last request: 0.214249 seconds.
  path: Assets/Models/Nature/Plane.015.prefab
  artifactKey: Guid(aeaeeb9e55588e947ac7ccc4875d220b) Importer(2089858483,192608db42251d675da83286b1cce702)
Start importing Assets/Models/Nature/Plane.015.prefab using Guid(aeaeeb9e55588e947ac7ccc4875d220b) Importer(2089858483,192608db42251d675da83286b1cce702) (ScriptedImporter) -> (artifact id: '90eccd009ebc17a3a07dfdd8e957682d') in 0.0308868 seconds
Number of updated asset objects reloaded before import = 0Number of asset objects unloaded after import = 8

========================================================================
Received Import Request.
  Time since last request: 0.434641 seconds.
  path: Assets/Models/Props/barrel_red_empty.prefab
  artifactKey: Guid(924dc074d14778042b9d8a2dd2fb265e) Importer(2089858483,192608db42251d675da83286b1cce702)
Start importing Assets/Models/Props/barrel_red_empty.prefab using Guid(924dc074d14778042b9d8a2dd2fb265e) Importer(2089858483,192608db42251d675da83286b1cce702) (ScriptedImporter) -> (artifact id: '155d2beaadd92bd0a2113a2ee9642de9') in 0.0244812 seconds
Number of updated asset objects reloaded before import = 0Number of asset objects unloaded after import = 8

========================================================================
Received Import Request.
  Time since last request: 0.443120 seconds.
  path: Assets/Models/Props/stool_child_blue.prefab
  artifactKey: Guid(252247ced90b1c843b3488df236cb60b) Importer(2089858483,192608db42251d675da83286b1cce702)
Start importing Assets/Models/Props/stool_child_blue.prefab using Guid(252247ced90b1c843b3488df236cb60b) Importer(2089858483,192608db42251d675da83286b1cce702) (ScriptedImporter) -> (artifact id: '1d968f05c3241c55e029637b267cb96f') in 0.0216053 seconds
Number of updated asset objects reloaded before import = 0Number of asset objects unloaded after import = 8

========================================================================
Received Import Request.
  Time since last request: 0.435132 seconds.
  path: Assets/Models/Nature/sandrock_1.prefab
  artifactKey: Guid(e714322107bde7444b61df5923f5843e) Importer(2089858483,192608db42251d675da83286b1cce702)
Start importing Assets/Models/Nature/sandrock_1.prefab using Guid(e714322107bde7444b61df5923f5843e) Importer(2089858483,192608db42251d675da83286b1cce702) (ScriptedImporter) -> (artifact id: '7e9b945a285539e02a3c004754cb0a86') in 0.0204315 seconds
Number of updated asset objects reloaded before import = 0Number of asset objects unloaded after import = 8

========================================================================
Received Import Request.
  Time since last request: 0.446686 seconds.
  path: Assets/Models/Dumpster/sea_container_green.prefab
  artifactKey: Guid(88659cfef5ea77a488bd0c499123726b) Importer(2089858483,192608db42251d675da83286b1cce702)
Start importing Assets/Models/Dumpster/sea_container_green.prefab using Guid(88659cfef5ea77a488bd0c499123726b) Importer(2089858483,192608db42251d675da83286b1cce702) (ScriptedImporter) -> (artifact id: '9d75bd15a9e93f5a56726c9fc03cc7ae') in 0.020512 seconds
Number of updated asset objects reloaded before import = 0Number of asset objects unloaded after import = 8

========================================================================
Received Import Request.
  Time since last request: 0.444177 seconds.
  path: Assets/Models/Dumpster/lifting_crane.prefab
  artifactKey: Guid(28e40f5a385b5bf41a33bb514eb9ae59) Importer(2089858483,192608db42251d675da83286b1cce702)
Start importing Assets/Models/Dumpster/lifting_crane.prefab using Guid(28e40f5a385b5bf41a33bb514eb9ae59) Importer(2089858483,192608db42251d675da83286b1cce702) (ScriptedImporter) -> (artifact id: 'b815449a3cea7566d17d5068a86ec042') in 0.0187914 seconds
Number of updated asset objects reloaded before import = 0Number of asset objects unloaded after import = 8

========================================================================
Received Import Request.
  Time since last request: 0.449002 seconds.
  path: Assets/Models/Props/table_2.prefab
  artifactKey: Guid(6f990463e11ab31418ab981142c5ee5e) Importer(2089858483,192608db42251d675da83286b1cce702)
Start importing Assets/Models/Props/table_2.prefab using Guid(6f990463e11ab31418ab981142c5ee5e) Importer(2089858483,192608db42251d675da83286b1cce702) (ScriptedImporter) -> (artifact id: '131e200fcbe30767d03a1c6b3f5311df') in 0.0204045 seconds
Number of updated asset objects reloaded before import = 0Number of asset objects unloaded after import = 38

========================================================================
Received Import Request.
  Time since last request: 0.446060 seconds.
  path: Assets/Thirdparty/Ciathyza/Gridbox Prototype Materials/Materials/HDRP/Prototype_512x512_Magenta.mat
  artifactKey: Guid(4f8daeaadc7b77c42b2004245caa7f63) Importer(2089858483,192608db42251d675da83286b1cce702)
Start importing Assets/Thirdparty/Ciathyza/Gridbox Prototype Materials/Materials/HDRP/Prototype_512x512_Magenta.mat using Guid(4f8daeaadc7b77c42b2004245caa7f63) Importer(2089858483,192608db42251d675da83286b1cce702) (ScriptedImporter) -> (artifact id: '6ccd3fcaf9a9e45c7183d9e42c4b2656') in 0.0263511 seconds
Number of updated asset objects reloaded before import = 0Number of asset objects unloaded after import = 3

========================================================================
Received Import Request.
  Time since last request: 0.000014 seconds.
  path: Assets/Animations/Player/Movement/character_main@Run Backward.fbx
  artifactKey: Guid(813c02fef8739e14dad63500662b92e9) Importer(2089858483,192608db42251d675da83286b1cce702)
Start importing Assets/Animations/Player/Movement/character_main@Run Backward.fbx using Guid(813c02fef8739e14dad63500662b92e9) Importer(2089858483,192608db42251d675da83286b1cce702) (ScriptedImporter) -> (artifact id: '92e537dcfc47ebb743f8707f49bfec2f') in 0.0347833 seconds
Number of updated asset objects reloaded before import = 0Number of asset objects unloaded after import = 72

========================================================================
Received Import Request.
  Time since last request: 0.000017 seconds.
  path: Assets/Animations/Player/Movement/character_main@Walk Left.fbx
  artifactKey: Guid(b218cde0151ffa24395ca45d9a88bb0e) Importer(2089858483,192608db42251d675da83286b1cce702)
Start importing Assets/Animations/Player/Movement/character_main@Walk Left.fbx using Guid(b218cde0151ffa24395ca45d9a88bb0e) Importer(2089858483,192608db42251d675da83286b1cce702) (ScriptedImporter) -> (artifact id: '2e5967fd0604de2787dde018d266ee16') in 0.017399 seconds
Number of updated asset objects reloaded before import = 0Number of asset objects unloaded after import = 72

========================================================================
Received Import Request.
  Time since last request: 0.000021 seconds.
  path: Assets/Animations/Player/Movement/character_main@Run Right.fbx
  artifactKey: Guid(64aafbfd16c2b9b44a6d7c6ec9f51bb3) Importer(2089858483,192608db42251d675da83286b1cce702)
Start importing Assets/Animations/Player/Movement/character_main@Run Right.fbx using Guid(64aafbfd16c2b9b44a6d7c6ec9f51bb3) Importer(2089858483,192608db42251d675da83286b1cce702) (ScriptedImporter) -> (artifact id: '2cac4ef31120bff4f73177000b0412cd') in 0.0219092 seconds
Number of updated asset objects reloaded before import = 0Number of asset objects unloaded after import = 72

========================================================================
Received Import Request.
  Time since last request: 0.000024 seconds.
  path: Assets/Animations/Player/Reload/character_main@Weapon - Reload.fbx
  artifactKey: Guid(9b53d1585d5d5f946a810d759cd4072c) Importer(2089858483,192608db42251d675da83286b1cce702)
Start importing Assets/Animations/Player/Reload/character_main@Weapon - Reload.fbx using Guid(9b53d1585d5d5f946a810d759cd4072c) Importer(2089858483,192608db42251d675da83286b1cce702) (ScriptedImporter) -> (artifact id: 'be12ef6c14afcc895c1349491336fe45') in 0.0232902 seconds
Number of updated asset objects reloaded before import = 0Number of asset objects unloaded after import = 71

========================================================================
Received Import Request.
  Time since last request: 0.000017 seconds.
  path: Assets/Thirdparty/Ciathyza/Gridbox Prototype Materials/Materials/HDRP/Prototype_512x512_Green3.mat
  artifactKey: Guid(8474bf551220f0e4993899dfdc95aed3) Importer(2089858483,192608db42251d675da83286b1cce702)
Start importing Assets/Thirdparty/Ciathyza/Gridbox Prototype Materials/Materials/HDRP/Prototype_512x512_Green3.mat using Guid(8474bf551220f0e4993899dfdc95aed3) Importer(2089858483,192608db42251d675da83286b1cce702) (ScriptedImporter) -> (artifact id: 'c40ef1a34d41f0d1232eb68ed1b7b86f') in 0.0152092 seconds
Number of updated asset objects reloaded before import = 0Number of asset objects unloaded after import = 3

========================================================================
Received Import Request.
  Time since last request: 0.000020 seconds.
  path: Assets/Models/Props/rail_1_rusted.prefab
  artifactKey: Guid(1b13f08b74dd0ae49b7919f441b795b3) Importer(2089858483,192608db42251d675da83286b1cce702)
Start importing Assets/Models/Props/rail_1_rusted.prefab using Guid(1b13f08b74dd0ae49b7919f441b795b3) Importer(2089858483,192608db42251d675da83286b1cce702) (ScriptedImporter) -> (artifact id: '83b2c23050d138983859533048e7f050') in 0.0213426 seconds
Number of updated asset objects reloaded before import = 0Number of asset objects unloaded after import = 8

========================================================================
Received Import Request.
  Time since last request: 0.000016 seconds.
  path: Assets/Animations/Player/Reload/@Weapon - Reload (Not Read-Only).anim
  artifactKey: Guid(edfda2685dd8a34409b9cf578c31c463) Importer(2089858483,192608db42251d675da83286b1cce702)
Start importing Assets/Animations/Player/Reload/@Weapon - Reload (Not Read-Only).anim using Guid(edfda2685dd8a34409b9cf578c31c463) Importer(2089858483,192608db42251d675da83286b1cce702) (ScriptedImporter) -> (artifact id: 'dbc3575b6e1a634f710c9add12905a0f') in 0.0557085 seconds
Number of updated asset objects reloaded before import = 0Number of asset objects unloaded after import = 1

========================================================================
Received Import Request.
  Time since last request: 0.000017 seconds.
  path: Assets/Models/Props/single_wheel_big.prefab
  artifactKey: Guid(6f22d4c1779e21a4887eb45b2d2f2de1) Importer(2089858483,192608db42251d675da83286b1cce702)
Start importing Assets/Models/Props/single_wheel_big.prefab using Guid(6f22d4c1779e21a4887eb45b2d2f2de1) Importer(2089858483,192608db42251d675da83286b1cce702) (ScriptedImporter) -> (artifact id: '78e84f3bf5428942123bf15f5559221c') in 0.0219992 seconds
Number of updated asset objects reloaded before import = 0Number of asset objects unloaded after import = 8

========================================================================
Received Import Request.
  Time since last request: 0.000027 seconds.
  path: Assets/Models/Props/bumper_1.prefab
  artifactKey: Guid(16288ca8c5511e84ea4510c91c6feb96) Importer(2089858483,192608db42251d675da83286b1cce702)
Start importing Assets/Models/Props/bumper_1.prefab using Guid(16288ca8c5511e84ea4510c91c6feb96) Importer(2089858483,192608db42251d675da83286b1cce702) (ScriptedImporter) -> (artifact id: '35dc954ebc9c12a46910fdde63d000e1') in 0.0206167 seconds
Number of updated asset objects reloaded before import = 0Number of asset objects unloaded after import = 8

========================================================================
Received Import Request.
  Time since last request: 0.000017 seconds.
  path: Assets/Models/FBX/weapon.fbx
  artifactKey: Guid(1111cc7c6dec9244a8b0abfacf917284) Importer(2089858483,192608db42251d675da83286b1cce702)
Start importing Assets/Models/FBX/weapon.fbx using Guid(1111cc7c6dec9244a8b0abfacf917284) Importer(2089858483,192608db42251d675da83286b1cce702) (ScriptedImporter) -> (artifact id: 'aa328ad70546bbb40c554077a5aec50c') in 0.0495206 seconds
Number of updated asset objects reloaded before import = 0Number of asset objects unloaded after import = 67

========================================================================
Received Import Request.
  Time since last request: 0.000015 seconds.
  path: Assets/Models/Props/sofa_red.prefab
  artifactKey: Guid(88e8a166408c46744a4aee4e6341b2c9) Importer(2089858483,192608db42251d675da83286b1cce702)
Start importing Assets/Models/Props/sofa_red.prefab using Guid(88e8a166408c46744a4aee4e6341b2c9) Importer(2089858483,192608db42251d675da83286b1cce702) (ScriptedImporter) -> (artifact id: 'e61c0772e42afe94cec0537778a1c3b7') in 0.0188439 seconds
Number of updated asset objects reloaded before import = 0Number of asset objects unloaded after import = 8

========================================================================
Received Import Request.
  Time since last request: 0.000016 seconds.
  path: Assets/Models/Props/box_plastic_blue.prefab
  artifactKey: Guid(13e76d11fd0892942b448cb3739d43e9) Importer(2089858483,192608db42251d675da83286b1cce702)
Start importing Assets/Models/Props/box_plastic_blue.prefab using Guid(13e76d11fd0892942b448cb3739d43e9) Importer(2089858483,192608db42251d675da83286b1cce702) (ScriptedImporter) -> (artifact id: '76968665228b6bad3241d696e11fdcd3') in 0.0205093 seconds
Number of updated asset objects reloaded before import = 0Number of asset objects unloaded after import = 8

========================================================================
Received Import Request.
  Time since last request: 0.000021 seconds.
  path: Assets/Models/FBX/character_main.fbx
  artifactKey: Guid(9007feba9e8afa44bb39ca9b66925f5a) Importer(2089858483,192608db42251d675da83286b1cce702)
Start importing Assets/Models/FBX/character_main.fbx using Guid(9007feba9e8afa44bb39ca9b66925f5a) Importer(2089858483,192608db42251d675da83286b1cce702) (ScriptedImporter) -> (artifact id: '8ae5511ec0ff1b1100e3d81c0ac937e5') in 0.0183698 seconds
Number of updated asset objects reloaded before import = 0Number of asset objects unloaded after import = 19

========================================================================
Received Import Request.
  Time since last request: 0.000014 seconds.
  path: Assets/InputManager/PlayerControls.inputactions
  artifactKey: Guid(bc1e8abd60653f54faca6937628cf177) Importer(2089858483,192608db42251d675da83286b1cce702)
Start importing Assets/InputManager/PlayerControls.inputactions using Guid(bc1e8abd60653f54faca6937628cf177) Importer(2089858483,192608db42251d675da83286b1cce702) (ScriptedImporter) -> (artifact id: '10c6f48f210f99ca85a7d909ffd110d5') in 0.2148856 seconds
Number of updated asset objects reloaded before import = 0Number of asset objects unloaded after import = 7

========================================================================
Received Import Request.
  Time since last request: 0.000023 seconds.
  path: Assets/Models/Amusment Park/carousel_wheel_small_2.prefab
  artifactKey: Guid(f8802d1ed0ee0184e98e85706835ff64) Importer(2089858483,192608db42251d675da83286b1cce702)
Start importing Assets/Models/Amusment Park/carousel_wheel_small_2.prefab using Guid(f8802d1ed0ee0184e98e85706835ff64) Importer(2089858483,192608db42251d675da83286b1cce702) (ScriptedImporter) -> (artifact id: 'ec7c566710eda715c43ee6f4e4675bf9') in 0.0242285 seconds
Number of updated asset objects reloaded before import = 0Number of asset objects unloaded after import = 8

========================================================================
Received Import Request.
  Time since last request: 0.000026 seconds.
  path: Assets/Models/RV_Trailers/RV_trailer_1_red.prefab
  artifactKey: Guid(2263d32342b5a2644b3526cd50e83f90) Importer(2089858483,192608db42251d675da83286b1cce702)
Start importing Assets/Models/RV_Trailers/RV_trailer_1_red.prefab using Guid(2263d32342b5a2644b3526cd50e83f90) Importer(2089858483,192608db42251d675da83286b1cce702) (ScriptedImporter) -> (artifact id: '51891a4be4fa8a87ccc0baa51d35d10c') in 0.0241106 seconds
Number of updated asset objects reloaded before import = 0Number of asset objects unloaded after import = 8

========================================================================
Received Import Request.
  Time since last request: 0.000015 seconds.
  path: Assets/Models/Props/water_hose_blue.prefab
  artifactKey: Guid(2cb6607d1f788ff449ebbad9b70327c4) Importer(2089858483,192608db42251d675da83286b1cce702)
Start importing Assets/Models/Props/water_hose_blue.prefab using Guid(2cb6607d1f788ff449ebbad9b70327c4) Importer(2089858483,192608db42251d675da83286b1cce702) (ScriptedImporter) -> (artifact id: 'ee88d09e8759c07de00f7c9009df8038') in 0.0239973 seconds
Number of updated asset objects reloaded before import = 0Number of asset objects unloaded after import = 8

========================================================================
Received Import Request.
  Time since last request: 0.000013 seconds.
  path: Assets/Models/Props/garbage_bin_grey.prefab
  artifactKey: Guid(8919dbc3329873b48a6682b15b1bc36c) Importer(2089858483,192608db42251d675da83286b1cce702)
Start importing Assets/Models/Props/garbage_bin_grey.prefab using Guid(8919dbc3329873b48a6682b15b1bc36c) Importer(2089858483,192608db42251d675da83286b1cce702) (ScriptedImporter) -> (artifact id: '0553be7e26c7e5ecbd9ea3047e25bb0c') in 0.0209789 seconds
Number of updated asset objects reloaded before import = 0Number of asset objects unloaded after import = 13

========================================================================
Received Import Request.
  Time since last request: 0.000016 seconds.
  path: Assets/Models/Props/ladder_1_rusted.prefab
  artifactKey: Guid(e75ce21b9322b394d9a63ce3908bfc53) Importer(2089858483,192608db42251d675da83286b1cce702)
Start importing Assets/Models/Props/ladder_1_rusted.prefab using Guid(e75ce21b9322b394d9a63ce3908bfc53) Importer(2089858483,192608db42251d675da83286b1cce702) (ScriptedImporter) -> (artifact id: 'e91b7aab51e1faf081e60cca75b6d096') in 0.0183346 seconds
Number of updated asset objects reloaded before import = 0Number of asset objects unloaded after import = 8

========================================================================
Received Import Request.
  Time since last request: 0.000020 seconds.
  path: Assets/Models/Nature/desert_stone_3.prefab
  artifactKey: Guid(8be8b4f98d6c83244adb3f56abb4074f) Importer(2089858483,192608db42251d675da83286b1cce702)
Start importing Assets/Models/Nature/desert_stone_3.prefab using Guid(8be8b4f98d6c83244adb3f56abb4074f) Importer(2089858483,192608db42251d675da83286b1cce702) (ScriptedImporter) -> (artifact id: '4d60906dac5037bfec98763c47fd40d4') in 0.015879 seconds
Number of updated asset objects reloaded before import = 0Number of asset objects unloaded after import = 8

========================================================================
Received Import Request.
  Time since last request: 0.000014 seconds.
  path: Assets/Models/Props/small_fridge.prefab
  artifactKey: Guid(e2ae1325e8a2af740b7ea8e744e6f8b2) Importer(2089858483,192608db42251d675da83286b1cce702)
Start importing Assets/Models/Props/small_fridge.prefab using Guid(e2ae1325e8a2af740b7ea8e744e6f8b2) Importer(2089858483,192608db42251d675da83286b1cce702) (ScriptedImporter) -> (artifact id: '9f0059b235419ff53dead0416b20deb4') in 0.0181276 seconds
Number of updated asset objects reloaded before import = 0Number of asset objects unloaded after import = 8

========================================================================
Received Import Request.
  Time since last request: 0.000012 seconds.
  path: Assets/Models/Props/box_paper_2.prefab
  artifactKey: Guid(8ba7ee7fc507d8d4494d11730c1246da) Importer(2089858483,192608db42251d675da83286b1cce702)
Start importing Assets/Models/Props/box_paper_2.prefab using Guid(8ba7ee7fc507d8d4494d11730c1246da) Importer(2089858483,192608db42251d675da83286b1cce702) (ScriptedImporter) -> (artifact id: '250ec064cf5a0dc56d20fa5f15156eea') in 0.0168725 seconds
Number of updated asset objects reloaded before import = 0Number of asset objects unloaded after import = 8

========================================================================
Received Import Request.
  Time since last request: 0.000013 seconds.
  path: Assets/Models/Props/road_sign_attention.prefab
  artifactKey: Guid(e6acf412166686c4ca674205a20252bb) Importer(2089858483,192608db42251d675da83286b1cce702)
Start importing Assets/Models/Props/road_sign_attention.prefab using Guid(e6acf412166686c4ca674205a20252bb) Importer(2089858483,192608db42251d675da83286b1cce702) (ScriptedImporter) -> (artifact id: '270049ff6b7c4425bc188f6cc1bf868a') in 0.0181502 seconds
Number of updated asset objects reloaded before import = 0Number of asset objects unloaded after import = 8

========================================================================
Received Import Request.
  Time since last request: 0.000014 seconds.
  path: Assets/Models/Props/slate_light_brown.prefab
  artifactKey: Guid(58a628b22b7fdaf4197fcbf0e1aa9578) Importer(2089858483,192608db42251d675da83286b1cce702)
Start importing Assets/Models/Props/slate_light_brown.prefab using Guid(58a628b22b7fdaf4197fcbf0e1aa9578) Importer(2089858483,192608db42251d675da83286b1cce702) (ScriptedImporter) -> (artifact id: '3f269e4b37a551ed46d08ade740654c5') in 0.0167552 seconds
Number of updated asset objects reloaded before import = 0Number of asset objects unloaded after import = 8

========================================================================
Received Import Request.
  Time since last request: 0.000026 seconds.
  path: Assets/Thirdparty/Ciathyza/Gridbox Prototype Materials/Materials/HDRP/Prototype_512x512_Blue2.mat
  artifactKey: Guid(e070baac7ac0c374ba010641b095c1b4) Importer(2089858483,192608db42251d675da83286b1cce702)
Start importing Assets/Thirdparty/Ciathyza/Gridbox Prototype Materials/Materials/HDRP/Prototype_512x512_Blue2.mat using Guid(e070baac7ac0c374ba010641b095c1b4) Importer(2089858483,192608db42251d675da83286b1cce702) (ScriptedImporter) -> (artifact id: '27401b78e0993491c4a3d275d22c31e3') in 0.0184858 seconds
Number of updated asset objects reloaded before import = 0Number of asset objects unloaded after import = 3

========================================================================
Received Import Request.
  Time since last request: 0.000014 seconds.
  path: Assets/Thirdparty/Ciathyza/Gridbox Prototype Materials/Materials/HDRP/Prototype_512x512_Orange.mat
  artifactKey: Guid(7e6b6a154cd59634b8e06a92e338ba2c) Importer(2089858483,192608db42251d675da83286b1cce702)
Start importing Assets/Thirdparty/Ciathyza/Gridbox Prototype Materials/Materials/HDRP/Prototype_512x512_Orange.mat using Guid(7e6b6a154cd59634b8e06a92e338ba2c) Importer(2089858483,192608db42251d675da83286b1cce702) (ScriptedImporter) -> (artifact id: '9f9c949f4704544f6c0470c4fecef43f') in 0.0196077 seconds
Number of updated asset objects reloaded before import = 0Number of asset objects unloaded after import = 3

========================================================================
Received Import Request.
  Time since last request: 0.000017 seconds.
  path: Assets/Models/Props/slate_light_grey.prefab
  artifactKey: Guid(0e183c6fe2709e448a173bf605e3de00) Importer(2089858483,192608db42251d675da83286b1cce702)
Start importing Assets/Models/Props/slate_light_grey.prefab using Guid(0e183c6fe2709e448a173bf605e3de00) Importer(2089858483,192608db42251d675da83286b1cce702) (ScriptedImporter) -> (artifact id: '5a1a8c39bb9f0adb4199b4b344180ef6') in 0.0219407 seconds
Number of updated asset objects reloaded before import = 0Number of asset objects unloaded after import = 8

========================================================================
Received Import Request.
  Time since last request: 0.000013 seconds.
  path: Assets/Models/Dumpster/concrete_tube_big.prefab
  artifactKey: Guid(b50675f13bdef7a44927699c099b16a6) Importer(2089858483,192608db42251d675da83286b1cce702)
Start importing Assets/Models/Dumpster/concrete_tube_big.prefab using Guid(b50675f13bdef7a44927699c099b16a6) Importer(2089858483,192608db42251d675da83286b1cce702) (ScriptedImporter) -> (artifact id: 'df584a70e09a42e004003683675f0410') in 0.0157811 seconds
Number of updated asset objects reloaded before import = 0Number of asset objects unloaded after import = 8

========================================================================
Received Import Request.
  Time since last request: 0.000018 seconds.
  path: Assets/Models/Props/concrete_block_grey.prefab
  artifactKey: Guid(3e68d4d9baad6174c88bd7ed7b156df3) Importer(2089858483,192608db42251d675da83286b1cce702)
Start importing Assets/Models/Props/concrete_block_grey.prefab using Guid(3e68d4d9baad6174c88bd7ed7b156df3) Importer(2089858483,192608db42251d675da83286b1cce702) (ScriptedImporter) -> (artifact id: '3da0439fe0a6878c8b98910bec559fe3') in 0.0173152 seconds
Number of updated asset objects reloaded before import = 0Number of asset objects unloaded after import = 8

========================================================================
Received Import Request.
  Time since last request: 0.000019 seconds.
  path: Assets/Models/Props/chair_metallic_black.prefab
  artifactKey: Guid(7e2b75a35b2a0e64b819012ef1ded296) Importer(2089858483,192608db42251d675da83286b1cce702)
Start importing Assets/Models/Props/chair_metallic_black.prefab using Guid(7e2b75a35b2a0e64b819012ef1ded296) Importer(2089858483,192608db42251d675da83286b1cce702) (ScriptedImporter) -> (artifact id: 'd56690c49f875756de9dd50c9eeeeb60') in 0.0164159 seconds
Number of updated asset objects reloaded before import = 0Number of asset objects unloaded after import = 8

========================================================================
Received Import Request.
  Time since last request: 0.000012 seconds.
  path: Assets/Models/FBX
  artifactKey: Guid(94ea39bca783e8244b2524d7d355cc26) Importer(2089858483,192608db42251d675da83286b1cce702)
Start importing Assets/Models/FBX using Guid(94ea39bca783e8244b2524d7d355cc26) Importer(2089858483,192608db42251d675da83286b1cce702) (ScriptedImporter) -> (artifact id: '9c43598f0a3c1ba5170930925cede5eb') in 0.0088488 seconds
Number of updated asset objects reloaded before import = 0Number of asset objects unloaded after import = 1

========================================================================
Received Import Request.
  Time since last request: 0.000015 seconds.
  path: Assets/Models/Nature/Tumbleweed.prefab
  artifactKey: Guid(1e36ba79cde87ad4286498e4723bfac4) Importer(2089858483,192608db42251d675da83286b1cce702)
Start importing Assets/Models/Nature/Tumbleweed.prefab using Guid(1e36ba79cde87ad4286498e4723bfac4) Importer(2089858483,192608db42251d675da83286b1cce702) (ScriptedImporter) -> (artifact id: 'a16561f2cb58b9dd2107cb519cb9ebf3') in 0.0217822 seconds
Number of updated asset objects reloaded before import = 0Number of asset objects unloaded after import = 8

========================================================================
Received Import Request.
  Time since last request: 0.000015 seconds.
  path: Assets/Models/Nature/ground_plane.prefab
  artifactKey: Guid(d820b9408aadb044e84c66b97713132d) Importer(2089858483,192608db42251d675da83286b1cce702)
Start importing Assets/Models/Nature/ground_plane.prefab using Guid(d820b9408aadb044e84c66b97713132d) Importer(2089858483,192608db42251d675da83286b1cce702) (ScriptedImporter) -> (artifact id: 'cc493da4595c69a1634f4aa0a773bbaa') in 0.0208854 seconds
Number of updated asset objects reloaded before import = 0Number of asset objects unloaded after import = 8

========================================================================
Received Import Request.
  Time since last request: 0.000020 seconds.
  path: Assets/Models/Cars
  artifactKey: Guid(f28f61279eaf9ad4dbeadeaab1ce4ca1) Importer(2089858483,192608db42251d675da83286b1cce702)
Start importing Assets/Models/Cars using Guid(f28f61279eaf9ad4dbeadeaab1ce4ca1) Importer(2089858483,192608db42251d675da83286b1cce702) (ScriptedImporter) -> (artifact id: '2007629c2b6d3d87d02c05d03a5b2ee2') in 0.0096788 seconds
Number of updated asset objects reloaded before import = 0Number of asset objects unloaded after import = 1

========================================================================
Received Import Request.
  Time since last request: 0.000024 seconds.
  path: Assets/Animations/Player/Movement/character_main@Run Forward.fbx
  artifactKey: Guid(615985df31bd5b2459ee88f15ae74dc1) Importer(2089858483,192608db42251d675da83286b1cce702)
Start importing Assets/Animations/Player/Movement/character_main@Run Forward.fbx using Guid(615985df31bd5b2459ee88f15ae74dc1) Importer(2089858483,192608db42251d675da83286b1cce702) (ScriptedImporter) -> (artifact id: 'ad9dc638ec78c991902d0e79ef89ed28') in 0.0158934 seconds
Number of updated asset objects reloaded before import = 0Number of asset objects unloaded after import = 72

========================================================================
Received Import Request.
  Time since last request: 0.000016 seconds.
  path: Assets/Thirdparty/Ciathyza/Gridbox Prototype Materials/Materials/HDRP/Prototype_512x512_Olive.mat
  artifactKey: Guid(a3b40d06620734d4fa8f4423d0f09692) Importer(2089858483,192608db42251d675da83286b1cce702)
Start importing Assets/Thirdparty/Ciathyza/Gridbox Prototype Materials/Materials/HDRP/Prototype_512x512_Olive.mat using Guid(a3b40d06620734d4fa8f4423d0f09692) Importer(2089858483,192608db42251d675da83286b1cce702) (ScriptedImporter) -> (artifact id: 'acb10e6070431f13afc51fb1d2b998c3') in 0.0174249 seconds
Number of updated asset objects reloaded before import = 0Number of asset objects unloaded after import = 3

========================================================================
Received Import Request.
  Time since last request: 0.000016 seconds.
  path: Assets/Models/Amusment Park/ice_cream_stand.prefab
  artifactKey: Guid(71586bc115b7aa14f831e46483dcba45) Importer(2089858483,192608db42251d675da83286b1cce702)
Start importing Assets/Models/Amusment Park/ice_cream_stand.prefab using Guid(71586bc115b7aa14f831e46483dcba45) Importer(2089858483,192608db42251d675da83286b1cce702) (ScriptedImporter) -> (artifact id: 'd38f8a7079dd3ebfd7021c32e1daf459') in 0.0205922 seconds
Number of updated asset objects reloaded before import = 0Number of asset objects unloaded after import = 8

========================================================================
Received Import Request.
  Time since last request: 0.000012 seconds.
  path: Assets/Models/FBX/Buildings.fbx
  artifactKey: Guid(a4b9d8065a0545e49ac91d6d15edbbe6) Importer(2089858483,192608db42251d675da83286b1cce702)
Start importing Assets/Models/FBX/Buildings.fbx using Guid(a4b9d8065a0545e49ac91d6d15edbbe6) Importer(2089858483,192608db42251d675da83286b1cce702) (ScriptedImporter) -> (artifact id: '908709dd2f4f618cd2db4209a5cd3f4b') in 0.0202214 seconds
Number of updated asset objects reloaded before import = 0Number of asset objects unloaded after import = 36

========================================================================
Received Import Request.
  Time since last request: 0.000017 seconds.
  path: Assets/Models/Amusment Park/roller_coaster.prefab
  artifactKey: Guid(5bdf7ff9aaa9f664baf67b45bdd89f2e) Importer(2089858483,192608db42251d675da83286b1cce702)
Start importing Assets/Models/Amusment Park/roller_coaster.prefab using Guid(5bdf7ff9aaa9f664baf67b45bdd89f2e) Importer(2089858483,192608db42251d675da83286b1cce702) (ScriptedImporter) -> (artifact id: 'a56d5465e6102fc437b219e68d04c077') in 0.0218001 seconds
Number of updated asset objects reloaded before import = 0Number of asset objects unloaded after import = 13

========================================================================
Received Import Request.
  Time since last request: 0.000024 seconds.
  path: Assets/Models/RV_Trailers/RV_trailer_3_grey.prefab
  artifactKey: Guid(7a8309c16ea606c49be8696383bf0745) Importer(2089858483,192608db42251d675da83286b1cce702)
Start importing Assets/Models/RV_Trailers/RV_trailer_3_grey.prefab using Guid(7a8309c16ea606c49be8696383bf0745) Importer(2089858483,192608db42251d675da83286b1cce702) (ScriptedImporter) -> (artifact id: '8dd63ce3d8c00898b0af408e8f08a4f4') in 0.0210118 seconds
Number of updated asset objects reloaded before import = 0Number of asset objects unloaded after import = 8

========================================================================
Received Import Request.
  Time since last request: 0.000015 seconds.
  path: Assets/Models/Nature/Plane.016.prefab
  artifactKey: Guid(0aab4090e3a5684479c17c260ca635eb) Importer(2089858483,192608db42251d675da83286b1cce702)
Start importing Assets/Models/Nature/Plane.016.prefab using Guid(0aab4090e3a5684479c17c260ca635eb) Importer(2089858483,192608db42251d675da83286b1cce702) (ScriptedImporter) -> (artifact id: '3128c27b595bbd54e0203e59848fe025') in 0.0233011 seconds
Number of updated asset objects reloaded before import = 0Number of asset objects unloaded after import = 8

========================================================================
Received Import Request.
  Time since last request: 0.000015 seconds.
  path: Assets/Models/Props/stool_wooden_1.prefab
  artifactKey: Guid(45ffdefacca02d845824804ad306e21b) Importer(2089858483,192608db42251d675da83286b1cce702)
Start importing Assets/Models/Props/stool_wooden_1.prefab using Guid(45ffdefacca02d845824804ad306e21b) Importer(2089858483,192608db42251d675da83286b1cce702) (ScriptedImporter) -> (artifact id: 'bc1561cd73a6232d6b83eeecc91b9327') in 0.0227349 seconds
Number of updated asset objects reloaded before import = 0Number of asset objects unloaded after import = 13

========================================================================
Received Import Request.
  Time since last request: 0.000017 seconds.
  path: Assets/Models/Props/bucket_green.prefab
  artifactKey: Guid(9a7e602584724ae428374ca4731d6425) Importer(2089858483,192608db42251d675da83286b1cce702)
Start importing Assets/Models/Props/bucket_green.prefab using Guid(9a7e602584724ae428374ca4731d6425) Importer(2089858483,192608db42251d675da83286b1cce702) (ScriptedImporter) -> (artifact id: '887795e697480e2a1790e87496143327') in 0.0213205 seconds
Number of updated asset objects reloaded before import = 0Number of asset objects unloaded after import = 8

========================================================================
Received Import Request.
  Time since last request: 0.000020 seconds.
  path: Assets/Thirdparty/Ciathyza/Gridbox Prototype Materials/Materials/HDRP/Prototype_512x512_Purple.mat
  artifactKey: Guid(08ad40672f8bdd84c8231727ae06ba48) Importer(2089858483,192608db42251d675da83286b1cce702)
Start importing Assets/Thirdparty/Ciathyza/Gridbox Prototype Materials/Materials/HDRP/Prototype_512x512_Purple.mat using Guid(08ad40672f8bdd84c8231727ae06ba48) Importer(2089858483,192608db42251d675da83286b1cce702) (ScriptedImporter) -> (artifact id: '24a4ad30cf4f252b4e5e37f75042449e') in 0.0202956 seconds
Number of updated asset objects reloaded before import = 0Number of asset objects unloaded after import = 3

========================================================================
Received Import Request.
  Time since last request: 0.000025 seconds.
  path: Assets/Models/Buildings/building_2_white.prefab
  artifactKey: Guid(a7992e9e3b59b87448687e44fa03b96f) Importer(2089858483,192608db42251d675da83286b1cce702)
Start importing Assets/Models/Buildings/building_2_white.prefab using Guid(a7992e9e3b59b87448687e44fa03b96f) Importer(2089858483,192608db42251d675da83286b1cce702) (ScriptedImporter) -> (artifact id: '2369af642ab7bf23dd4c564cc3fc1c2f') in 0.0205291 seconds
Number of updated asset objects reloaded before import = 0Number of asset objects unloaded after import = 8

========================================================================
Received Import Request.
  Time since last request: 0.000017 seconds.
  path: Assets/TextMesh Pro/Resources/Sprite Assets/EmojiOne.asset
  artifactKey: Guid(c41005c129ba4d66911b75229fd70b45) Importer(2089858483,192608db42251d675da83286b1cce702)
Start importing Assets/TextMesh Pro/Resources/Sprite Assets/EmojiOne.asset using Guid(c41005c129ba4d66911b75229fd70b45) Importer(2089858483,192608db42251d675da83286b1cce702) (ScriptedImporter) -> (artifact id: '336fbb51d7cf0b819e21e0b46e445d6f') in 0.015394 seconds
Number of updated asset objects reloaded before import = 0Number of asset objects unloaded after import = 3

========================================================================
Received Import Request.
  Time since last request: 0.000015 seconds.
  path: Assets/Models/Buildings
  artifactKey: Guid(1c4e3298f2079e84ab31fb72160fff3f) Importer(2089858483,192608db42251d675da83286b1cce702)
Start importing Assets/Models/Buildings using Guid(1c4e3298f2079e84ab31fb72160fff3f) Importer(2089858483,192608db42251d675da83286b1cce702) (ScriptedImporter) -> (artifact id: 'ae3f30bf9151ce8958e18ec76f232f11') in 0.0097406 seconds
Number of updated asset objects reloaded before import = 0Number of asset objects unloaded after import = 1

========================================================================
Received Import Request.
  Time since last request: 0.000015 seconds.
  path: Assets/Models/Buildings/building_toilet.prefab
  artifactKey: Guid(f5b71a508ee3bba4dbf2361e5f2bbc79) Importer(2089858483,192608db42251d675da83286b1cce702)
Start importing Assets/Models/Buildings/building_toilet.prefab using Guid(f5b71a508ee3bba4dbf2361e5f2bbc79) Importer(2089858483,192608db42251d675da83286b1cce702) (ScriptedImporter) -> (artifact id: '4a5269d69ecee75e789b0a8f24ab2e73') in 0.0210007 seconds
Number of updated asset objects reloaded before import = 0Number of asset objects unloaded after import = 13

========================================================================
Received Import Request.
  Time since last request: 0.000018 seconds.
  path: Assets/TextMesh Pro/Shaders/TMP_Bitmap.shader
  artifactKey: Guid(128e987d567d4e2c824d754223b3f3b0) Importer(2089858483,192608db42251d675da83286b1cce702)
Start importing Assets/TextMesh Pro/Shaders/TMP_Bitmap.shader using Guid(128e987d567d4e2c824d754223b3f3b0) Importer(2089858483,192608db42251d675da83286b1cce702) (ScriptedImporter) -> (artifact id: '1d5907dda3d93892bc06d8c682ef9a85') in 0.0146664 seconds
Number of updated asset objects reloaded before import = 0Number of asset objects unloaded after import = 1

========================================================================
Received Import Request.
  Time since last request: 0.000024 seconds.
  path: Assets/Models/Buildings/building_1_blue.prefab
  artifactKey: Guid(5e6b371743545014999f16da3b96bf84) Importer(2089858483,192608db42251d675da83286b1cce702)
Start importing Assets/Models/Buildings/building_1_blue.prefab using Guid(5e6b371743545014999f16da3b96bf84) Importer(2089858483,192608db42251d675da83286b1cce702) (ScriptedImporter) -> (artifact id: '8aebb4cd25b31fbb3573e8dafcdbba8a') in 0.0266249 seconds
Number of updated asset objects reloaded before import = 0Number of asset objects unloaded after import = 8

========================================================================
Received Import Request.
  Time since last request: 0.000014 seconds.
  path: Assets/Models/Dumpster/dumpcar_stack_1.prefab
  artifactKey: Guid(afdc4eeb79e89d8449ee878892249a4a) Importer(2089858483,192608db42251d675da83286b1cce702)
Start importing Assets/Models/Dumpster/dumpcar_stack_1.prefab using Guid(afdc4eeb79e89d8449ee878892249a4a) Importer(2089858483,192608db42251d675da83286b1cce702) (ScriptedImporter) -> (artifact id: 'eb4fdb67a33d83ff6ab0257aa57c6888') in 0.0205456 seconds
Number of updated asset objects reloaded before import = 0Number of asset objects unloaded after import = 8

========================================================================
Received Import Request.
  Time since last request: 0.000012 seconds.
  path: Assets/Models/Props/car_disk_old.prefab
  artifactKey: Guid(11e416a2696091c489b5bcf30885dc68) Importer(2089858483,192608db42251d675da83286b1cce702)
Start importing Assets/Models/Props/car_disk_old.prefab using Guid(11e416a2696091c489b5bcf30885dc68) Importer(2089858483,192608db42251d675da83286b1cce702) (ScriptedImporter) -> (artifact id: 'aae5bdaf08159e186b7f02f61fb600b2') in 0.0190472 seconds
Number of updated asset objects reloaded before import = 0Number of asset objects unloaded after import = 8

========================================================================
Received Import Request.
  Time since last request: 0.000013 seconds.
  path: Assets/TextMesh Pro/Shaders/TMP_Bitmap-Mobile.shader
  artifactKey: Guid(1e3b057af24249748ff873be7fafee47) Importer(2089858483,192608db42251d675da83286b1cce702)
Start importing Assets/TextMesh Pro/Shaders/TMP_Bitmap-Mobile.shader using Guid(1e3b057af24249748ff873be7fafee47) Importer(2089858483,192608db42251d675da83286b1cce702) (ScriptedImporter) -> (artifact id: 'd8294b6ac9c6be355f3ef8235b410a23') in 0.0103078 seconds
Number of updated asset objects reloaded before import = 0Number of asset objects unloaded after import = 1

========================================================================
Received Import Request.
  Time since last request: 0.000014 seconds.
  path: Assets/TextMesh Pro
  artifactKey: Guid(f54d1bd14bd3ca042bd867b519fee8cc) Importer(2089858483,192608db42251d675da83286b1cce702)
Start importing Assets/TextMesh Pro using Guid(f54d1bd14bd3ca042bd867b519fee8cc) Importer(2089858483,192608db42251d675da83286b1cce702) (ScriptedImporter) -> (artifact id: 'fada9f8185c1075fffa4a2e816170a5f') in 0.009193 seconds
Number of updated asset objects reloaded before import = 0Number of asset objects unloaded after import = 1

========================================================================
Received Import Request.
  Time since last request: 0.000024 seconds.
  path: Assets/TextMesh Pro/Resources/Fonts & Materials
  artifactKey: Guid(731f1baa9d144a9897cb1d341c2092b8) Importer(2089858483,192608db42251d675da83286b1cce702)
Start importing Assets/TextMesh Pro/Resources/Fonts & Materials using Guid(731f1baa9d144a9897cb1d341c2092b8) Importer(2089858483,192608db42251d675da83286b1cce702) (ScriptedImporter) -> (artifact id: 'e0b6240ecef4ea82f3df4400b2e25159') in 0.0088996 seconds
Number of updated asset objects reloaded before import = 0Number of asset objects unloaded after import = 1

========================================================================
Received Import Request.
  Time since last request: 0.000012 seconds.
  path: Assets/TextMesh Pro/Sprites
  artifactKey: Guid(d0603b6d5186471b96c778c3949c7ce2) Importer(2089858483,192608db42251d675da83286b1cce702)
Start importing Assets/TextMesh Pro/Sprites using Guid(d0603b6d5186471b96c778c3949c7ce2) Importer(2089858483,192608db42251d675da83286b1cce702) (ScriptedImporter) -> (artifact id: '70109fc15637ca712688ceabdd1a93b3') in 0.0091344 seconds
Number of updated asset objects reloaded before import = 0Number of asset objects unloaded after import = 1

========================================================================
Received Import Request.
  Time since last request: 0.000016 seconds.
  path: Assets/TextMesh Pro/Shaders/TMP_SDF-Surface-Mobile.shader
  artifactKey: Guid(85187c2149c549c5b33f0cdb02836b17) Importer(2089858483,192608db42251d675da83286b1cce702)
Start importing Assets/TextMesh Pro/Shaders/TMP_SDF-Surface-Mobile.shader using Guid(85187c2149c549c5b33f0cdb02836b17) Importer(2089858483,192608db42251d675da83286b1cce702) (ScriptedImporter) -> (artifact id: 'b8e2ae556a2286be38b00e05340c8b68') in 0.0104927 seconds
Number of updated asset objects reloaded before import = 0Number of asset objects unloaded after import = 1

========================================================================
Received Import Request.
  Time since last request: 0.000014 seconds.
  path: Assets/Models/Props/fence_fair_2.prefab
  artifactKey: Guid(753c2584e5dd9c4408f401e6073a24ba) Importer(2089858483,192608db42251d675da83286b1cce702)
Start importing Assets/Models/Props/fence_fair_2.prefab using Guid(753c2584e5dd9c4408f401e6073a24ba) Importer(2089858483,192608db42251d675da83286b1cce702) (ScriptedImporter) -> (artifact id: '0c1a857cbe264bfb5c502b18589607e4') in 0.0205564 seconds
Number of updated asset objects reloaded before import = 0Number of asset objects unloaded after import = 8

========================================================================
Received Import Request.
  Time since last request: 0.000019 seconds.
  path: Assets/Models/Nature/Plane.prefab
  artifactKey: Guid(d7feb67e38451be4d9512318242463f9) Importer(2089858483,192608db42251d675da83286b1cce702)
Start importing Assets/Models/Nature/Plane.prefab using Guid(d7feb67e38451be4d9512318242463f9) Importer(2089858483,192608db42251d675da83286b1cce702) (ScriptedImporter) -> (artifact id: '2246dc3eeb490717104dbf84409a3937') in 0.0209663 seconds
Number of updated asset objects reloaded before import = 0Number of asset objects unloaded after import = 8

========================================================================
Received Import Request.
  Time since last request: 0.000023 seconds.
  path: Assets/Models/Nature/tree_2.prefab
  artifactKey: Guid(7c291998c8b4eeb41b47a8e379db7967) Importer(2089858483,192608db42251d675da83286b1cce702)
Start importing Assets/Models/Nature/tree_2.prefab using Guid(7c291998c8b4eeb41b47a8e379db7967) Importer(2089858483,192608db42251d675da83286b1cce702) (ScriptedImporter) -> (artifact id: 'fcaf0d2ab7f93745256e26be8330054f') in 0.019358 seconds
Number of updated asset objects reloaded before import = 0Number of asset objects unloaded after import = 8

========================================================================
Received Import Request.
  Time since last request: 0.000016 seconds.
  path: Assets/Models/Dumpster/fuel_tank.prefab
  artifactKey: Guid(a9dd65c2f0137a94f86a13a638d8b3e5) Importer(2089858483,192608db42251d675da83286b1cce702)
Start importing Assets/Models/Dumpster/fuel_tank.prefab using Guid(a9dd65c2f0137a94f86a13a638d8b3e5) Importer(2089858483,192608db42251d675da83286b1cce702) (ScriptedImporter) -> (artifact id: '9d2958c144135fe353d150c63853847c') in 0.0207591 seconds
Number of updated asset objects reloaded before import = 0Number of asset objects unloaded after import = 8

========================================================================
Received Import Request.
  Time since last request: 0.000017 seconds.
  path: Assets/Animations/AnimatorControllers/Player_AC.controller
  artifactKey: Guid(f4e08268462455e4d9af872c64de401d) Importer(2089858483,192608db42251d675da83286b1cce702)
Start importing Assets/Animations/AnimatorControllers/Player_AC.controller using Guid(f4e08268462455e4d9af872c64de401d) Importer(2089858483,192608db42251d675da83286b1cce702) (ScriptedImporter) -> (artifact id: 'cd0aac394f74612c06a488ece8aad0e2') in 0.1184334 seconds
Number of updated asset objects reloaded before import = 0Number of asset objects unloaded after import = 57

========================================================================
Received Import Request.
  Time since last request: 0.000017 seconds.
  path: Assets/Models/Amusment Park/carousel_wheel_small_bottom.prefab
  artifactKey: Guid(4c5a2f70a64fba84ab5a3f84c5753160) Importer(2089858483,192608db42251d675da83286b1cce702)
Start importing Assets/Models/Amusment Park/carousel_wheel_small_bottom.prefab using Guid(4c5a2f70a64fba84ab5a3f84c5753160) Importer(2089858483,192608db42251d675da83286b1cce702) (ScriptedImporter) -> (artifact id: 'ff4c9e0681c330665dba28c293ba588d') in 0.0183585 seconds
Number of updated asset objects reloaded before import = 0Number of asset objects unloaded after import = 13

========================================================================
Received Import Request.
  Time since last request: 0.000019 seconds.
  path: Assets/Models/Props/portable_toilet.prefab
  artifactKey: Guid(d5a805c733fb8ab4db945d4d6a8ed111) Importer(2089858483,192608db42251d675da83286b1cce702)
Start importing Assets/Models/Props/portable_toilet.prefab using Guid(d5a805c733fb8ab4db945d4d6a8ed111) Importer(2089858483,192608db42251d675da83286b1cce702) (ScriptedImporter) -> (artifact id: 'b19d8d8f1c33ee7917378baf50b67be7') in 0.0197815 seconds
Number of updated asset objects reloaded before import = 0Number of asset objects unloaded after import = 8

========================================================================
Received Import Request.
  Time since last request: 0.000012 seconds.
  path: Assets/Thirdparty/Ciathyza/Gridbox Prototype Materials/Materials/HDRP/Prototype_512x512_Cyan.mat
  artifactKey: Guid(853d20181ae88ba47b1084b10a15569b) Importer(2089858483,192608db42251d675da83286b1cce702)
Start importing Assets/Thirdparty/Ciathyza/Gridbox Prototype Materials/Materials/HDRP/Prototype_512x512_Cyan.mat using Guid(853d20181ae88ba47b1084b10a15569b) Importer(2089858483,192608db42251d675da83286b1cce702) (ScriptedImporter) -> (artifact id: '5d07c2e5c7e88528932fc3f006ee4fc1') in 0.0129748 seconds
Number of updated asset objects reloaded before import = 0Number of asset objects unloaded after import = 3

========================================================================
Received Import Request.
  Time since last request: 0.000019 seconds.
  path: Assets/InputManager/PlayerControls.cs
  artifactKey: Guid(d4ef3fe0689af7a44931723f38f6a0f2) Importer(2089858483,192608db42251d675da83286b1cce702)
Start importing Assets/InputManager/PlayerControls.cs using Guid(d4ef3fe0689af7a44931723f38f6a0f2) Importer(2089858483,192608db42251d675da83286b1cce702) (ScriptedImporter) -> (artifact id: '93978a9c97dbe1a04b707abd5997bccd') in 0.0108177 seconds
Number of updated asset objects reloaded before import = 0Number of asset objects unloaded after import = 0

========================================================================
Received Import Request.
  Time since last request: 0.000020 seconds.
  path: Assets/Animations/Player/character_main@Firing Rifle Shotgun Fire.fbx
  artifactKey: Guid(0c3bb2d5b23890748ae62df8f29c842a) Importer(2089858483,192608db42251d675da83286b1cce702)
Start importing Assets/Animations/Player/character_main@Firing Rifle Shotgun Fire.fbx using Guid(0c3bb2d5b23890748ae62df8f29c842a) Importer(2089858483,192608db42251d675da83286b1cce702) (ScriptedImporter) -> (artifact id: '04845dfac1a0908f33852bf36b9db486') in 0.0187229 seconds
Number of updated asset objects reloaded before import = 0Number of asset objects unloaded after import = 72

========================================================================
Received Import Request.
  Time since last request: 0.000014 seconds.
  path: Assets/Models/Props/grill.prefab
  artifactKey: Guid(b60ecf75f38552b439cfb511c72237bd) Importer(2089858483,192608db42251d675da83286b1cce702)
Start importing Assets/Models/Props/grill.prefab using Guid(b60ecf75f38552b439cfb511c72237bd) Importer(2089858483,192608db42251d675da83286b1cce702) (ScriptedImporter) -> (artifact id: '8be56d94aab95f7499f2d3c349f5ad89') in 0.0181201 seconds
Number of updated asset objects reloaded before import = 0Number of asset objects unloaded after import = 13

========================================================================
Received Import Request.
  Time since last request: 0.000025 seconds.
  path: Assets/Models/Props/table_3.prefab
  artifactKey: Guid(c066aebed38fcbd42a981bb8688c7e2e) Importer(2089858483,192608db42251d675da83286b1cce702)
Start importing Assets/Models/Props/table_3.prefab using Guid(c066aebed38fcbd42a981bb8688c7e2e) Importer(2089858483,192608db42251d675da83286b1cce702) (ScriptedImporter) -> (artifact id: 'c6e3be9865192558a1886b7344dfcda6') in 0.0189409 seconds
Number of updated asset objects reloaded before import = 0Number of asset objects unloaded after import = 23

========================================================================
Received Import Request.
  Time since last request: 0.000013 seconds.
  path: Assets/Thirdparty/Ciathyza/Gridbox Prototype Materials/Materials/HDRP/Prototype_512x512_Grey3.mat
  artifactKey: Guid(a66e312fee7fb6e469dec2f4daba4dcd) Importer(2089858483,192608db42251d675da83286b1cce702)
Start importing Assets/Thirdparty/Ciathyza/Gridbox Prototype Materials/Materials/HDRP/Prototype_512x512_Grey3.mat using Guid(a66e312fee7fb6e469dec2f4daba4dcd) Importer(2089858483,192608db42251d675da83286b1cce702) (ScriptedImporter) -> (artifact id: '8e17b6e7be4287145b7c7be3ea9d77cb') in 0.0149373 seconds
Number of updated asset objects reloaded before import = 0Number of asset objects unloaded after import = 3

========================================================================
Received Import Request.
  Time since last request: 0.000016 seconds.
  path: Assets/TextMesh Pro/Shaders/TMP_SDF-Mobile Masking.shader
  artifactKey: Guid(bc1ede39bf3643ee8e493720e4259791) Importer(2089858483,192608db42251d675da83286b1cce702)
Start importing Assets/TextMesh Pro/Shaders/TMP_SDF-Mobile Masking.shader using Guid(bc1ede39bf3643ee8e493720e4259791) Importer(2089858483,192608db42251d675da83286b1cce702) (ScriptedImporter) -> (artifact id: '22449dda8b835a3588b5066dfe08a293') in 0.0108146 seconds
Number of updated asset objects reloaded before import = 0Number of asset objects unloaded after import = 1

========================================================================
Received Import Request.
  Time since last request: 0.000014 seconds.
  path: Assets/Models/Props/wooden_pallet.prefab
  artifactKey: Guid(52dcc8248be054d449a4529285e25bb7) Importer(2089858483,192608db42251d675da83286b1cce702)
Start importing Assets/Models/Props/wooden_pallet.prefab using Guid(52dcc8248be054d449a4529285e25bb7) Importer(2089858483,192608db42251d675da83286b1cce702) (ScriptedImporter) -> (artifact id: '0fa08849da3a0b58e21ec1d2d76a7c46') in 0.0191155 seconds
Number of updated asset objects reloaded before import = 0Number of asset objects unloaded after import = 8

========================================================================
Received Import Request.
  Time since last request: 0.000017 seconds.
  path: Assets/Models/Props/solar_panel_ground.prefab
  artifactKey: Guid(3f1937b9c21362d4d842644015358e2e) Importer(2089858483,192608db42251d675da83286b1cce702)
Start importing Assets/Models/Props/solar_panel_ground.prefab using Guid(3f1937b9c21362d4d842644015358e2e) Importer(2089858483,192608db42251d675da83286b1cce702) (ScriptedImporter) -> (artifact id: '5cd4b593099f2219ec0945d35a2a5924') in 0.021948 seconds
Number of updated asset objects reloaded before import = 0Number of asset objects unloaded after import = 8

========================================================================
Received Import Request.
  Time since last request: 123.387312 seconds.
  path: Assets/URP.asset
  artifactKey: Guid(d5d2468e5fd13e44b92f3d886444a51d) Importer(815301076,1909f56bfc062723c751e8b465ee728b)
Start importing Assets/URP.asset using Guid(d5d2468e5fd13e44b92f3d886444a51d) Importer(815301076,1909f56bfc062723c751e8b465ee728b) (PreviewImporter) -> (artifact id: '9adbd60f221751ee1f38fc1ecc85673e') in 0.0141317 seconds
Number of updated asset objects reloaded before import = 0Number of asset objects unloaded after import = 2

========================================================================
Received Import Request.
  Time since last request: 0.988468 seconds.
  path: Assets/URP_Renderer.asset
  artifactKey: Guid(04acf8c7243616a469751c84540516fa) Importer(2089858483,192608db42251d675da83286b1cce702)
Start importing Assets/URP_Renderer.asset using Guid(04acf8c7243616a469751c84540516fa) Importer(2089858483,192608db42251d675da83286b1cce702) (ScriptedImporter) -> (artifact id: '256db377621d7450c0e9f66c910096d2') in 0.0244028 seconds
Number of updated asset objects reloaded before import = 0Number of asset objects unloaded after import = 1

========================================================================
Received Import Request.
  Time since last request: 21.359854 seconds.
  path: Assets/URP_Settings
  artifactKey: Guid(babbda7f9f8ad5e428f3c779bcfb43e7) Importer(815301076,1909f56bfc062723c751e8b465ee728b)
Start importing Assets/URP_Settings using Guid(babbda7f9f8ad5e428f3c779bcfb43e7) Importer(815301076,1909f56bfc062723c751e8b465ee728b) (PreviewImporter) -> (artifact id: 'dab855e7bb1c39dc3baf13796cad21f0') in 0.0003387 seconds
Number of updated asset objects reloaded before import = 0Number of asset objects unloaded after import = 0

========================================================================
Received Import Request.
  Time since last request: 0.934771 seconds.
  path: Assets/URP_Settings
  artifactKey: Guid(babbda7f9f8ad5e428f3c779bcfb43e7) Importer(2089858483,192608db42251d675da83286b1cce702)
Start importing Assets/URP_Settings using Guid(babbda7f9f8ad5e428f3c779bcfb43e7) Importer(2089858483,192608db42251d675da83286b1cce702) (ScriptedImporter) -> (artifact id: '929a97253cc3da4c1ff985fb4c4ae67b') in 0.0105806 seconds
Number of updated asset objects reloaded before import = 0Number of asset objects unloaded after import = 1

========================================================================
Received Import Request.
  Time since last request: 4.076575 seconds.
  path: Assets/URP_Settings/URP_Renderer.asset
  artifactKey: Guid(04acf8c7243616a469751c84540516fa) Importer(2089858483,192608db42251d675da83286b1cce702)
Start importing Assets/URP_Settings/URP_Renderer.asset using Guid(04acf8c7243616a469751c84540516fa) Importer(2089858483,192608db42251d675da83286b1cce702) (ScriptedImporter) -> (artifact id: 'bdcf697eb3d2b0bb21b2348504604fd9') in 0.0132171 seconds
Number of updated asset objects reloaded before import = 0Number of asset objects unloaded after import = 1

========================================================================
Received Prepare
Refreshing native plugins compatible for Editor in 0.99 ms, found 3 plugins.
Preloading 0 native plugins for Editor in 0.00 ms.
Unloading 13 Unused Serialized files (Serialized files now loaded: 0)
Unloading 16 unused Assets / (1.9 MB). Loaded Objects now: 7206.
Memory consumption went from 135.5 MB to 133.7 MB.
Total: 7.196800 ms (FindLiveObjects: 0.355900 ms CreateObjectMapping: 0.299700 ms MarkObjects: 6.217800 ms  DeleteObjects: 0.322500 ms)

Prepare: number of updated asset objects reloaded= 0
========================================================================
Received Import Request.
  Time since last request: 58.491950 seconds.
  path: Assets/Settings/DefaultVolumeProfile.asset
  artifactKey: Guid(ab09877e2e707104187f6f83e2f62510) Importer(815301076,1909f56bfc062723c751e8b465ee728b)
Start importing Assets/Settings/DefaultVolumeProfile.asset using Guid(ab09877e2e707104187f6f83e2f62510) Importer(815301076,1909f56bfc062723c751e8b465ee728b) (PreviewImporter) -> (artifact id: 'be1ebfe8d36e7f4547c0fcf03180561a') in 0.0016472 seconds
Number of updated asset objects reloaded before import = 0Number of asset objects unloaded after import = 0

========================================================================
Received Import Request.
  Time since last request: 0.000016 seconds.
  path: Assets/Settings/UniversalRenderPipelineGlobalSettings.asset
  artifactKey: Guid(18dc0cd2c080841dea60987a38ce93fa) Importer(815301076,1909f56bfc062723c751e8b465ee728b)
Start importing Assets/Settings/UniversalRenderPipelineGlobalSettings.asset using Guid(18dc0cd2c080841dea60987a38ce93fa) Importer(815301076,1909f56bfc062723c751e8b465ee728b) (PreviewImporter) -> (artifact id: 'e029ade81bbac0fca760348c3b728b2e') in 0.0008673 seconds
Number of updated asset objects reloaded before import = 0Number of asset objects unloaded after import = 0

========================================================================
Received Import Request.
  Time since last request: 0.000014 seconds.
  path: Assets/Settings/SampleSceneProfile.asset
  artifactKey: Guid(10fc4df2da32a41aaa32d77bc913491c) Importer(815301076,1909f56bfc062723c751e8b465ee728b)
Start importing Assets/Settings/SampleSceneProfile.asset using Guid(10fc4df2da32a41aaa32d77bc913491c) Importer(815301076,1909f56bfc062723c751e8b465ee728b) (PreviewImporter) -> (artifact id: '75d3ebede3826321c4bd2c27d4da71ec') in 0.0006649 seconds
Number of updated asset objects reloaded before import = 0Number of asset objects unloaded after import = 0

Editor requested this worker to shutdown with reason: Scaling down because of idle timeout
AssetImportWorker is now disconnected from the server
Process exiting
Exiting without the bug reporter. Application will terminate with return code 0