Using pre-set license
Built from '6000.1/staging' branch; Version is '6000.1.5f1 (923722cbbcfc) revision 9582370'; Using compiler version '194234433'; Build Type 'Release'
OS: 'Windows 11  (10.0.26100) 64bit Core' Language: 'en' Physical Memory: 32673 MB
BatchMode: 1, IsHumanControllingUs: 0, StartBugReporterOnCrash: 0, Is64bit: 1, IsPro: 1
Date: 2025-06-16T18:26:40Z

COMMAND LINE ARGUMENTS:
E:\Unity\6000.1.5f1\Editor\Unity.exe
-adb2
-batchMode
-noUpm
-name
AssetImportWorker16
-projectPath
E:/unityGames/Shooter RPG
-logFile
Logs/AssetImportWorker16.log
-srvPort
50274
-job-worker-count
7
-background-job-worker-count
8
-gc-helper-count
1
-name
AssetImport
Successfully changed project path to: E:/unityGames/Shooter RPG
E:/unityGames/Shooter RPG
[UnityMemory] Configuration Parameters - Can be set up in boot.config
    "memorysetup-allocator-temp-initial-block-size-main=262144"
    "memorysetup-allocator-temp-initial-block-size-worker=262144"
    "memorysetup-bucket-allocator-granularity=16"
    "memorysetup-bucket-allocator-bucket-count=8"
    "memorysetup-bucket-allocator-block-size=33554432"
    "memorysetup-bucket-allocator-block-count=8"
    "memorysetup-main-allocator-block-size=16777216"
    "memorysetup-thread-allocator-block-size=16777216"
    "memorysetup-gfx-main-allocator-block-size=16777216"
    "memorysetup-gfx-thread-allocator-block-size=16777216"
    "memorysetup-cache-allocator-block-size=4194304"
    "memorysetup-typetree-allocator-block-size=2097152"
    "memorysetup-profiler-bucket-allocator-granularity=16"
    "memorysetup-profiler-bucket-allocator-bucket-count=8"
    "memorysetup-profiler-bucket-allocator-block-size=33554432"
    "memorysetup-profiler-bucket-allocator-block-count=8"
    "memorysetup-profiler-allocator-block-size=16777216"
    "memorysetup-profiler-editor-allocator-block-size=1048576"
    "memorysetup-temp-allocator-size-main=16777216"
    "memorysetup-job-temp-allocator-block-size=2097152"
    "memorysetup-job-temp-allocator-block-size-background=1048576"
    "memorysetup-job-temp-allocator-reduction-small-platforms=262144"
    "memorysetup-temp-allocator-size-background-worker=32768"
    "memorysetup-temp-allocator-size-job-worker=262144"
    "memorysetup-temp-allocator-size-preload-manager=33554432"
    "memorysetup-temp-allocator-size-nav-mesh-worker=65536"
    "memorysetup-temp-allocator-size-audio-worker=65536"
    "memorysetup-temp-allocator-size-cloud-worker=32768"
    "memorysetup-temp-allocator-size-gi-baking-worker=262144"
    "memorysetup-temp-allocator-size-gi-baking-worker=262144"
    "memorysetup-temp-allocator-size-gi-baking-worker=262144"
    "memorysetup-temp-allocator-size-gi-baking-worker=262144"
    "memorysetup-temp-allocator-size-gi-baking-worker=262144"
    "memorysetup-temp-allocator-size-gfx=262144"
Player connection [15148]  Target information:

Player connection [15148]  * "[IP] 192.168.2.101 [Port] 0 [Flags] 2 [Guid] 3929983320 [EditorId] 3929983320 [Version] 1048832 [Id] WindowsEditor(7,DESKTOP-N3PNBGS) [Debug] 1 [PackageName] WindowsEditor [ProjectName] Editor" 

Player connection [15148] Host joined multi-casting on [225.0.0.222:54997]...
Player connection [15148] Host joined alternative multi-casting on [225.0.0.222:34997]...
JobSystem: Creating JobQueue using job-worker-count value 7
Input System module state changed to: Initialized.
[Physics::Module] Initialized fallback backend.
[Physics::Module] Id: 0xdecafbad
Library Redirect Path: Library/
[Physics::Module] Selected backend.
[Physics::Module] Name: PhysX
[Physics::Module] Id: 0xf2b8ea05
[Physics::Module] SDK Version: 4.1.2
[Physics::Module] Integration Version: 1.0.0
[Physics::Module] Threading Mode: Multi-Threaded
Refreshing native plugins compatible for Editor in 2.26 ms, found 3 plugins.
Preloading 0 native plugins for Editor in 0.00 ms.
Initialize engine version: 6000.1.5f1 (923722cbbcfc)
[Subsystems] Discovering subsystems at path E:/Unity/6000.1.5f1/Editor/Data/Resources/UnitySubsystems
[Subsystems] Discovering subsystems at path E:/unityGames/Shooter RPG/Assets
GfxDevice: creating device client; kGfxThreadingModeNonThreaded
Direct3D:
    Version:         Direct3D 12 [level 12.1]
    Renderer:        NVIDIA GeForce RTX 2060 (ID=0x1f08)
    Vendor:          NVIDIA
    VRAM:            5954 MB
    App VRAM Budget: 5186 MB
    Driver:          32.0.15.7216
Initialize mono
Mono path[0] = 'E:/Unity/6000.1.5f1/Editor/Data/Managed'
Mono path[1] = 'E:/Unity/6000.1.5f1/Editor/Data/MonoBleedingEdge/lib/mono/unityjit-win32'
Mono config path = 'E:/Unity/6000.1.5f1/Editor/Data/MonoBleedingEdge/etc'
Using monoOptions --debugger-agent=transport=dt_socket,embedding=1,server=y,suspend=n,address=127.0.0.1:56472
Begin MonoManager ReloadAssembly
Registering precompiled unity dll's ...
Register platform support module: E:/Unity/6000.1.5f1/Editor/Data/PlaybackEngines/WindowsStandaloneSupport/UnityEditor.WindowsStandalone.Extensions.dll
Registered in 0.002554 seconds.
- Loaded All Assemblies, in  0.708 seconds
Native extension for WindowsStandalone target not found
Mono: successfully reloaded assembly
- Finished resetting the current domain, in  0.469 seconds
Domain Reload Profiling: 1176ms
	BeginReloadAssembly (297ms)
		ExecutionOrderSort (0ms)
		DisableScriptedObjects (0ms)
		BackupInstance (0ms)
		ReleaseScriptingObjects (0ms)
		CreateAndSetChildDomain (1ms)
	RebuildCommonClasses (98ms)
	RebuildNativeTypeToScriptingClass (22ms)
	initialDomainReloadingComplete (73ms)
	LoadAllAssembliesAndSetupDomain (216ms)
		LoadAssemblies (298ms)
		RebuildTransferFunctionScriptingTraits (0ms)
		AnalyzeDomain (211ms)
			TypeCache.Refresh (210ms)
				TypeCache.ScanAssembly (193ms)
			BuildScriptInfoCaches (0ms)
			ResolveRequiredComponents (0ms)
	FinalizeReload (470ms)
		ReleaseScriptCaches (0ms)
		RebuildScriptCaches (0ms)
		SetupLoadedEditorAssemblies (419ms)
			LogAssemblyErrors (0ms)
			InitializePlatformSupportModulesInManaged (55ms)
			SetLoadedEditorAssemblies (5ms)
			BeforeProcessingInitializeOnLoad (95ms)
			ProcessInitializeOnLoadAttributes (206ms)
			ProcessInitializeOnLoadMethodAttributes (57ms)
			AfterProcessingInitializeOnLoad (0ms)
			EditorAssembliesLoaded (0ms)
		ExecutionOrderSort2 (0ms)
		AwakeInstancesAfterBackupRestoration (0ms)
Assembly reference Packages/com.unity.cinemachine/Editor/Samples/ExposeHDRPInternals/HDRP-Editor-ref.asmref has no target assembly definition
========================================================================
Worker process is ready to serve import requests
Import Worker Mode flag is 0x00
Assembly reference Packages/com.unity.cinemachine/Editor/Samples/ExposeHDRPInternals/HDRP-Editor-ref.asmref has no target assembly definition
Assembly reference Packages/com.unity.cinemachine/Editor/Samples/ExposeHDRPInternals/HDRP-Editor-ref.asmref has no target assembly definition
Begin MonoManager ReloadAssembly
- Loaded All Assemblies, in  0.999 seconds
Assembly reference Packages/com.unity.cinemachine/Editor/Samples/ExposeHDRPInternals/HDRP-Editor-ref.asmref has no target assembly definition
'Packages/com.unity.cinemachine/Editor/Obsolete/CinemachineVirtualCameraBaseEditor.cs' contains partial class of Unity.Object, exactly 1 of the partial classes needs to be in a file with the same filename. This is to know the one that can be referenced from ie. GameObjects
'Packages/com.unity.cinemachine/Editor/Editors/CinemachineVirtualCameraBaseEditor.cs' contains partial class of Unity.Object, exactly 1 of the partial classes needs to be in a file with the same filename. This is to know the one that can be referenced from ie. GameObjects
Refreshing native plugins compatible for Editor in 1.34 ms, found 3 plugins.
Native extension for WindowsStandalone target not found
Assembly reference Packages/com.unity.cinemachine/Editor/Samples/ExposeHDRPInternals/HDRP-Editor-ref.asmref has no target assembly definition
[MODES] ModeService[none].Initialize
[MODES] ModeService[none].LoadModes
[MODES] Loading mode Default (0) for mode-current-id-Shooter RPG
Package Manager log level set to [2]
[Package Manager] Failed to launch server process. Reason: Unity was launched with the -noUpm command-line argument
[Package Manager] Unable to send message (not connected to server process).
[Package Manager] Cannot connect to Unity Package Manager local server
Mono: successfully reloaded assembly
- Finished resetting the current domain, in  1.056 seconds
Domain Reload Profiling: 2053ms
	BeginReloadAssembly (304ms)
		ExecutionOrderSort (0ms)
		DisableScriptedObjects (6ms)
		BackupInstance (0ms)
		ReleaseScriptingObjects (0ms)
		CreateAndSetChildDomain (45ms)
	RebuildCommonClasses (51ms)
	RebuildNativeTypeToScriptingClass (15ms)
	initialDomainReloadingComplete (47ms)
	LoadAllAssembliesAndSetupDomain (580ms)
		LoadAssemblies (467ms)
		RebuildTransferFunctionScriptingTraits (0ms)
		AnalyzeDomain (312ms)
			TypeCache.Refresh (228ms)
				TypeCache.ScanAssembly (211ms)
			BuildScriptInfoCaches (64ms)
			ResolveRequiredComponents (16ms)
	FinalizeReload (1056ms)
		ReleaseScriptCaches (0ms)
		RebuildScriptCaches (0ms)
		SetupLoadedEditorAssemblies (796ms)
			LogAssemblyErrors (0ms)
			InitializePlatformSupportModulesInManaged (3ms)
			SetLoadedEditorAssemblies (6ms)
			BeforeProcessingInitializeOnLoad (186ms)
			ProcessInitializeOnLoadAttributes (545ms)
			ProcessInitializeOnLoadMethodAttributes (54ms)
			AfterProcessingInitializeOnLoad (2ms)
			EditorAssembliesLoaded (0ms)
		ExecutionOrderSort2 (0ms)
		AwakeInstancesAfterBackupRestoration (6ms)
Launched and connected shader compiler UnityShaderCompiler.exe after 0.01 seconds
Refreshing native plugins compatible for Editor in 2.33 ms, found 3 plugins.
Preloading 0 native plugins for Editor in 0.00 ms.
Unloading 220 Unused Serialized files (Serialized files now loaded: 0)
Unloading 6486 unused Assets / (5.1 MB). Loaded Objects now: 7203.
Memory consumption went from 168.8 MB to 163.7 MB.
Total: 10.447400 ms (FindLiveObjects: 1.085900 ms CreateObjectMapping: 1.048000 ms MarkObjects: 5.712300 ms  DeleteObjects: 2.600100 ms)

========================================================================
Received Import Request.
  Time since last request: 12812.280910 seconds.
  path: Assets/Thirdparty/Ciathyza/Gridbox Prototype Materials/Materials/HDRP/Prototype_512x512_Blue1.mat
  artifactKey: Guid(0faf08228432a664cb2d46f4d1eee2b0) Importer(2089858483,192608db42251d675da83286b1cce702)
Start importing Assets/Thirdparty/Ciathyza/Gridbox Prototype Materials/Materials/HDRP/Prototype_512x512_Blue1.mat using Guid(0faf08228432a664cb2d46f4d1eee2b0) Importer(2089858483,192608db42251d675da83286b1cce702) (ScriptedImporter) -> (artifact id: 'bfd7d200be59f8bf8c246e911b990b4e') in 0.2127617 seconds
Number of updated asset objects reloaded before import = 0Number of asset objects unloaded after import = 3

========================================================================
Received Import Request.
  Time since last request: 0.000017 seconds.
  path: Assets/Materials/AimLaser.mat
  artifactKey: Guid(4554f2688835b7b439eaac4b9cbbacc2) Importer(2089858483,192608db42251d675da83286b1cce702)
Start importing Assets/Materials/AimLaser.mat using Guid(4554f2688835b7b439eaac4b9cbbacc2) Importer(2089858483,192608db42251d675da83286b1cce702) (ScriptedImporter) -> (artifact id: '00877e43838cce806b580156e6c9eb11') in 0.0145946 seconds
Number of updated asset objects reloaded before import = 0Number of asset objects unloaded after import = 1

========================================================================
Received Import Request.
  Time since last request: 0.000024 seconds.
  path: Assets/Scripts/Player.cs
  artifactKey: Guid(dbd65042b58a6b34d870ec16688c6ded) Importer(2089858483,192608db42251d675da83286b1cce702)
Start importing Assets/Scripts/Player.cs using Guid(dbd65042b58a6b34d870ec16688c6ded) Importer(2089858483,192608db42251d675da83286b1cce702) (ScriptedImporter) -> (artifact id: '2ce900fe69946e0408b9f39b78f5a61c') in 0.0184663 seconds
Number of updated asset objects reloaded before import = 0Number of asset objects unloaded after import = 0

========================================================================
Received Import Request.
  Time since last request: 0.000016 seconds.
  path: Assets/Thirdparty/Ciathyza/Gridbox Prototype Materials/Materials/HDRP/Prototype_512x512_Brown.mat
  artifactKey: Guid(bb9ba0197f6873943824ae7aade506c9) Importer(2089858483,192608db42251d675da83286b1cce702)
Start importing Assets/Thirdparty/Ciathyza/Gridbox Prototype Materials/Materials/HDRP/Prototype_512x512_Brown.mat using Guid(bb9ba0197f6873943824ae7aade506c9) Importer(2089858483,192608db42251d675da83286b1cce702) (ScriptedImporter) -> (artifact id: '669a841a25d8b8fdf1b905aba9bf9029') in 0.0150629 seconds
Number of updated asset objects reloaded before import = 0Number of asset objects unloaded after import = 3

========================================================================
Received Import Request.
  Time since last request: 0.000017 seconds.
  path: Assets/Bullet.prefab
  artifactKey: Guid(bca70ade60d61f043afadb057e5b31b1) Importer(2089858483,192608db42251d675da83286b1cce702)
Start importing Assets/Bullet.prefab using Guid(bca70ade60d61f043afadb057e5b31b1) Importer(2089858483,192608db42251d675da83286b1cce702) (ScriptedImporter) -> (artifact id: '803c9457ef9ecf74645ea49535f00f79') in 0.0642684 seconds
Number of updated asset objects reloaded before import = 0Number of asset objects unloaded after import = 11

========================================================================
Received Import Request.
  Time since last request: 0.000019 seconds.
  path: Assets/Animations/Player/Movement/character_main@Run Left.fbx
  artifactKey: Guid(a675d2c190afd6a459f838c47a86b150) Importer(2089858483,192608db42251d675da83286b1cce702)
Start importing Assets/Animations/Player/Movement/character_main@Run Left.fbx using Guid(a675d2c190afd6a459f838c47a86b150) Importer(2089858483,192608db42251d675da83286b1cce702) (ScriptedImporter) -> (artifact id: '271fe1ff80111cd2132fa93a2489f472') in 0.0405836 seconds
Number of updated asset objects reloaded before import = 0Number of asset objects unloaded after import = 72

========================================================================
Received Import Request.
  Time since last request: 0.000026 seconds.
  path: Assets/Textures/dune_tex_normal.png
  artifactKey: Guid(c0406a61823e534499373b8eab6d1574) Importer(2089858483,192608db42251d675da83286b1cce702)
Start importing Assets/Textures/dune_tex_normal.png using Guid(c0406a61823e534499373b8eab6d1574) Importer(2089858483,192608db42251d675da83286b1cce702) (ScriptedImporter) -> (artifact id: 'ceb09275a5e59cee35b758b72dbb14b1') in 0.051966 seconds
Number of updated asset objects reloaded before import = 0Number of asset objects unloaded after import = 1

========================================================================
Received Import Request.
  Time since last request: 0.000014 seconds.
  path: Assets/Models/Nature/Plane.012.prefab
  artifactKey: Guid(8164bc2226e372f40aa48bddb5eae43e) Importer(2089858483,192608db42251d675da83286b1cce702)
Start importing Assets/Models/Nature/Plane.012.prefab using Guid(8164bc2226e372f40aa48bddb5eae43e) Importer(2089858483,192608db42251d675da83286b1cce702) (ScriptedImporter) -> (artifact id: 'd60534c92c7601453c51933ea252e04b') in 0.0203516 seconds
Number of updated asset objects reloaded before import = 0Number of asset objects unloaded after import = 8

========================================================================
Received Import Request.
  Time since last request: 0.000015 seconds.
  path: Assets/Models/Amusment Park/swing.prefab
  artifactKey: Guid(5bae7ecd3d2f5e14ab2b9ac48fd2680c) Importer(2089858483,192608db42251d675da83286b1cce702)
Start importing Assets/Models/Amusment Park/swing.prefab using Guid(5bae7ecd3d2f5e14ab2b9ac48fd2680c) Importer(2089858483,192608db42251d675da83286b1cce702) (ScriptedImporter) -> (artifact id: '3e64e9c964059073d14f7116dc25d1a2') in 0.0200205 seconds
Number of updated asset objects reloaded before import = 0Number of asset objects unloaded after import = 13

========================================================================
Received Import Request.
  Time since last request: 0.000015 seconds.
  path: Assets/Textures/main_texture.png
  artifactKey: Guid(d77106dbaba5b014ca855d98c809b53c) Importer(2089858483,192608db42251d675da83286b1cce702)
Start importing Assets/Textures/main_texture.png using Guid(d77106dbaba5b014ca855d98c809b53c) Importer(2089858483,192608db42251d675da83286b1cce702) (ScriptedImporter) -> (artifact id: '348dd3a3366f58a58ae9e8d3753b7200') in 0.0146806 seconds
Number of updated asset objects reloaded before import = 0Number of asset objects unloaded after import = 1

========================================================================
Received Import Request.
  Time since last request: 0.000024 seconds.
  path: Assets/Models/Props/car_truck_disk_new.prefab
  artifactKey: Guid(f5ebfe01706b95049b0d3a3cceb6e210) Importer(2089858483,192608db42251d675da83286b1cce702)
Start importing Assets/Models/Props/car_truck_disk_new.prefab using Guid(f5ebfe01706b95049b0d3a3cceb6e210) Importer(2089858483,192608db42251d675da83286b1cce702) (ScriptedImporter) -> (artifact id: 'a5e41d9a21a3de2567ca3ae136def557') in 0.0177983 seconds
Number of updated asset objects reloaded before import = 0Number of asset objects unloaded after import = 8

========================================================================
Received Import Request.
  Time since last request: 0.000013 seconds.
  path: Assets/Scripts/WeaponVisualController.cs
  artifactKey: Guid(68cd03113d099ff4db4d54486e003468) Importer(2089858483,192608db42251d675da83286b1cce702)
Start importing Assets/Scripts/WeaponVisualController.cs using Guid(68cd03113d099ff4db4d54486e003468) Importer(2089858483,192608db42251d675da83286b1cce702) (ScriptedImporter) -> (artifact id: 'd147b8929872e8bd30aecb9c37e45fed') in 0.0091295 seconds
Number of updated asset objects reloaded before import = 0Number of asset objects unloaded after import = 0

========================================================================
Received Import Request.
  Time since last request: 0.000018 seconds.
  path: Assets/character_main@Firing Rifle Shotgun.fbx
  artifactKey: Guid(9b66df5f2d0863248b8bb470352bf507) Importer(2089858483,192608db42251d675da83286b1cce702)
Start importing Assets/character_main@Firing Rifle Shotgun.fbx using Guid(9b66df5f2d0863248b8bb470352bf507) Importer(2089858483,192608db42251d675da83286b1cce702) (ScriptedImporter) -> (artifact id: 'f68db11fe74fb64be71841927ced99e6') in 0.0221157 seconds
Number of updated asset objects reloaded before import = 0Number of asset objects unloaded after import = 71

========================================================================
Received Import Request.
  Time since last request: 0.000018 seconds.
  path: Assets/Models/Amusment Park/park_bakery_shop.prefab
  artifactKey: Guid(aa47784650f746749a13fc55d1b74187) Importer(2089858483,192608db42251d675da83286b1cce702)
Start importing Assets/Models/Amusment Park/park_bakery_shop.prefab using Guid(aa47784650f746749a13fc55d1b74187) Importer(2089858483,192608db42251d675da83286b1cce702) (ScriptedImporter) -> (artifact id: 'c81879e80b429ffcbd4a0ef395e216dc') in 0.0216361 seconds
Number of updated asset objects reloaded before import = 0Number of asset objects unloaded after import = 8

========================================================================
Received Import Request.
  Time since last request: 0.000015 seconds.
  path: Assets/Models/Props/mail_box_black.prefab
  artifactKey: Guid(025b4b1d90785804b82b670ce06e1aa7) Importer(2089858483,192608db42251d675da83286b1cce702)
Start importing Assets/Models/Props/mail_box_black.prefab using Guid(025b4b1d90785804b82b670ce06e1aa7) Importer(2089858483,192608db42251d675da83286b1cce702) (ScriptedImporter) -> (artifact id: '9edd4b345db07ad466f4810dfb5cfc64') in 0.0193253 seconds
Number of updated asset objects reloaded before import = 0Number of asset objects unloaded after import = 13

========================================================================
Received Import Request.
  Time since last request: 0.000026 seconds.
  path: Assets/Models/RV_Trailers/RV_trailer_1_brown.prefab
  artifactKey: Guid(cb58dd403c7c8254ca12bb1aaa35c1fb) Importer(2089858483,192608db42251d675da83286b1cce702)
Start importing Assets/Models/RV_Trailers/RV_trailer_1_brown.prefab using Guid(cb58dd403c7c8254ca12bb1aaa35c1fb) Importer(2089858483,192608db42251d675da83286b1cce702) (ScriptedImporter) -> (artifact id: 'e11e5ee5cbcc21e93036c32349b6339e') in 0.0197081 seconds
Number of updated asset objects reloaded before import = 0Number of asset objects unloaded after import = 8

========================================================================
Received Import Request.
  Time since last request: 0.000014 seconds.
  path: Assets/Models/Nature/sandrock_7.prefab
  artifactKey: Guid(b62790805d7396b44b1003d458c6e3f3) Importer(2089858483,192608db42251d675da83286b1cce702)
Start importing Assets/Models/Nature/sandrock_7.prefab using Guid(b62790805d7396b44b1003d458c6e3f3) Importer(2089858483,192608db42251d675da83286b1cce702) (ScriptedImporter) -> (artifact id: '1f91ccbd7626dc9b264e8ee252948cc2') in 0.0212393 seconds
Number of updated asset objects reloaded before import = 0Number of asset objects unloaded after import = 8

========================================================================
Received Import Request.
  Time since last request: 0.000030 seconds.
  path: Assets/Models/Props/chair_plastic_white.prefab
  artifactKey: Guid(6689905809cef4247824295cadde8e53) Importer(2089858483,192608db42251d675da83286b1cce702)
Start importing Assets/Models/Props/chair_plastic_white.prefab using Guid(6689905809cef4247824295cadde8e53) Importer(2089858483,192608db42251d675da83286b1cce702) (ScriptedImporter) -> (artifact id: '996468d9f5c7dc56297009317534dbb7') in 0.0172509 seconds
Number of updated asset objects reloaded before import = 0Number of asset objects unloaded after import = 8

========================================================================
Received Import Request.
  Time since last request: 0.000018 seconds.
  path: Assets/Models/Props/mail_box_grey.prefab
  artifactKey: Guid(3e9b5aa7d8b99394eb44f76cae4288d6) Importer(2089858483,192608db42251d675da83286b1cce702)
Start importing Assets/Models/Props/mail_box_grey.prefab using Guid(3e9b5aa7d8b99394eb44f76cae4288d6) Importer(2089858483,192608db42251d675da83286b1cce702) (ScriptedImporter) -> (artifact id: '24c3fec58a1e7057435bdf582709dec6') in 0.0204531 seconds
Number of updated asset objects reloaded before import = 0Number of asset objects unloaded after import = 13

========================================================================
Received Import Request.
  Time since last request: 0.000018 seconds.
  path: Assets/Models/Nature/Plane.001.prefab
  artifactKey: Guid(1230d1e87a43ddb48a1f60eb86fe938c) Importer(2089858483,192608db42251d675da83286b1cce702)
Start importing Assets/Models/Nature/Plane.001.prefab using Guid(1230d1e87a43ddb48a1f60eb86fe938c) Importer(2089858483,192608db42251d675da83286b1cce702) (ScriptedImporter) -> (artifact id: '5ef7608ac7cd40673df006fd9646c229') in 0.0191368 seconds
Number of updated asset objects reloaded before import = 0Number of asset objects unloaded after import = 8

========================================================================
Received Import Request.
  Time since last request: 0.000025 seconds.
  path: Assets/Models/Props/chair_metallic_blue.prefab
  artifactKey: Guid(70f3879aca01a3c4ea31eb1807e74914) Importer(2089858483,192608db42251d675da83286b1cce702)
Start importing Assets/Models/Props/chair_metallic_blue.prefab using Guid(70f3879aca01a3c4ea31eb1807e74914) Importer(2089858483,192608db42251d675da83286b1cce702) (ScriptedImporter) -> (artifact id: 'abc514fdd920cb923cfc9625f6c29055') in 0.0189158 seconds
Number of updated asset objects reloaded before import = 0Number of asset objects unloaded after import = 8

========================================================================
Received Import Request.
  Time since last request: 0.000013 seconds.
  path: Assets/Models/Props/tire_disk.prefab
  artifactKey: Guid(4ec60ecbbcaab71439e3bf15e55fd6ed) Importer(2089858483,192608db42251d675da83286b1cce702)
Start importing Assets/Models/Props/tire_disk.prefab using Guid(4ec60ecbbcaab71439e3bf15e55fd6ed) Importer(2089858483,192608db42251d675da83286b1cce702) (ScriptedImporter) -> (artifact id: 'd768a20b2d2d1289fe498cd3c3f8afdc') in 0.0179625 seconds
Number of updated asset objects reloaded before import = 0Number of asset objects unloaded after import = 8

========================================================================
Received Import Request.
  Time since last request: 0.000015 seconds.
  path: Assets/Models/Props/rail_1_black.prefab
  artifactKey: Guid(fc1bc3b4411d0c44686e1b0e83e23636) Importer(2089858483,192608db42251d675da83286b1cce702)
Start importing Assets/Models/Props/rail_1_black.prefab using Guid(fc1bc3b4411d0c44686e1b0e83e23636) Importer(2089858483,192608db42251d675da83286b1cce702) (ScriptedImporter) -> (artifact id: 'bc7dc025e0025562e843d0c6bd9aa3fb') in 0.0168618 seconds
Number of updated asset objects reloaded before import = 0Number of asset objects unloaded after import = 8

========================================================================
Received Import Request.
  Time since last request: 0.000016 seconds.
  path: Assets/Models/Props/power_pole_1.prefab
  artifactKey: Guid(4bc8c5e0be1f3f24eaaccd289b2d14eb) Importer(2089858483,192608db42251d675da83286b1cce702)
Start importing Assets/Models/Props/power_pole_1.prefab using Guid(4bc8c5e0be1f3f24eaaccd289b2d14eb) Importer(2089858483,192608db42251d675da83286b1cce702) (ScriptedImporter) -> (artifact id: 'd8dc5aabcb48e26ed5528d8e8b56d651') in 0.01926 seconds
Number of updated asset objects reloaded before import = 0Number of asset objects unloaded after import = 33

========================================================================
Received Import Request.
  Time since last request: 0.000017 seconds.
  path: Assets/Models/Nature/sandrock_2.prefab
  artifactKey: Guid(fa74a74af1f0644449d221d6aa4f847b) Importer(2089858483,192608db42251d675da83286b1cce702)
Start importing Assets/Models/Nature/sandrock_2.prefab using Guid(fa74a74af1f0644449d221d6aa4f847b) Importer(2089858483,192608db42251d675da83286b1cce702) (ScriptedImporter) -> (artifact id: '09423e71632d0f0075a142729c1bc65e') in 0.0142307 seconds
Number of updated asset objects reloaded before import = 0Number of asset objects unloaded after import = 8

========================================================================
Received Import Request.
  Time since last request: 0.000021 seconds.
  path: Assets/Models/Props/rail_2_black.prefab
  artifactKey: Guid(5d37ef6ec4c328f44a2512921a7e1707) Importer(2089858483,192608db42251d675da83286b1cce702)
Start importing Assets/Models/Props/rail_2_black.prefab using Guid(5d37ef6ec4c328f44a2512921a7e1707) Importer(2089858483,192608db42251d675da83286b1cce702) (ScriptedImporter) -> (artifact id: '2aeb4d4d5cfabe46e0a146fe0642987d') in 0.0172682 seconds
Number of updated asset objects reloaded before import = 0Number of asset objects unloaded after import = 8

========================================================================
Received Import Request.
  Time since last request: 0.000013 seconds.
  path: Assets/Models/Amusment Park/cart_cotton_candy.prefab
  artifactKey: Guid(68ad039cfe7c84f42b13183bb155f08f) Importer(2089858483,192608db42251d675da83286b1cce702)
Start importing Assets/Models/Amusment Park/cart_cotton_candy.prefab using Guid(68ad039cfe7c84f42b13183bb155f08f) Importer(2089858483,192608db42251d675da83286b1cce702) (ScriptedImporter) -> (artifact id: 'd7843b646a79159ff6b745b0f97d46f6') in 0.0190702 seconds
Number of updated asset objects reloaded before import = 0Number of asset objects unloaded after import = 13

========================================================================
Received Import Request.
  Time since last request: 0.000013 seconds.
  path: Assets/Models/Nature/desert_stone_4.prefab
  artifactKey: Guid(d985b619e89fef6429adda6f4610fe3d) Importer(2089858483,192608db42251d675da83286b1cce702)
Start importing Assets/Models/Nature/desert_stone_4.prefab using Guid(d985b619e89fef6429adda6f4610fe3d) Importer(2089858483,192608db42251d675da83286b1cce702) (ScriptedImporter) -> (artifact id: '67a77fa16479967d0e08fda9f751461c') in 0.0197178 seconds
Number of updated asset objects reloaded before import = 0Number of asset objects unloaded after import = 8

========================================================================
Received Import Request.
  Time since last request: 0.000014 seconds.
  path: Assets/Models/Props/road_sign_stop.prefab
  artifactKey: Guid(2c370b10798bef443b04b0248d3ba5f2) Importer(2089858483,192608db42251d675da83286b1cce702)
Start importing Assets/Models/Props/road_sign_stop.prefab using Guid(2c370b10798bef443b04b0248d3ba5f2) Importer(2089858483,192608db42251d675da83286b1cce702) (ScriptedImporter) -> (artifact id: 'dec7ed139496e043c09453903b51a153') in 0.0152712 seconds
Number of updated asset objects reloaded before import = 0Number of asset objects unloaded after import = 8

========================================================================
Received Import Request.
  Time since last request: 0.000018 seconds.
  path: Assets/Textures/dune_tex_roughness.png
  artifactKey: Guid(0e3fb6a53bd38a947804a71f191d4848) Importer(2089858483,192608db42251d675da83286b1cce702)
Start importing Assets/Textures/dune_tex_roughness.png using Guid(0e3fb6a53bd38a947804a71f191d4848) Importer(2089858483,192608db42251d675da83286b1cce702) (ScriptedImporter) -> (artifact id: '679067e1d91dfef071a10bf3bde96e0e') in 0.021051 seconds
Number of updated asset objects reloaded before import = 0Number of asset objects unloaded after import = 1

========================================================================
Received Import Request.
  Time since last request: 0.000018 seconds.
  path: Assets/Models/RV_Trailers/RV_trailer_2_blue.prefab
  artifactKey: Guid(ef6ebeef2731349449f54e5c0971f5ba) Importer(2089858483,192608db42251d675da83286b1cce702)
Start importing Assets/Models/RV_Trailers/RV_trailer_2_blue.prefab using Guid(ef6ebeef2731349449f54e5c0971f5ba) Importer(2089858483,192608db42251d675da83286b1cce702) (ScriptedImporter) -> (artifact id: 'b3a383346cd49c55f75f9472b3abc855') in 0.018955 seconds
Number of updated asset objects reloaded before import = 0Number of asset objects unloaded after import = 8

========================================================================
Received Import Request.
  Time since last request: 0.000015 seconds.
  path: Assets/Models/Props/slate_dark_grey.prefab
  artifactKey: Guid(3f730730ce4a14d4f9f61457184e24d2) Importer(2089858483,192608db42251d675da83286b1cce702)
Start importing Assets/Models/Props/slate_dark_grey.prefab using Guid(3f730730ce4a14d4f9f61457184e24d2) Importer(2089858483,192608db42251d675da83286b1cce702) (ScriptedImporter) -> (artifact id: '2bfe563d843ae913c67f2eb39916488b') in 0.0196738 seconds
Number of updated asset objects reloaded before import = 0Number of asset objects unloaded after import = 8

========================================================================
Received Import Request.
  Time since last request: 0.000016 seconds.
  path: Assets/Models/Props/barrel_red.prefab
  artifactKey: Guid(e0b33daac2b36694da06fce2327245fd) Importer(2089858483,192608db42251d675da83286b1cce702)
Start importing Assets/Models/Props/barrel_red.prefab using Guid(e0b33daac2b36694da06fce2327245fd) Importer(2089858483,192608db42251d675da83286b1cce702) (ScriptedImporter) -> (artifact id: '9db0aa1f04558217a782f605f1257bb1') in 0.019486 seconds
Number of updated asset objects reloaded before import = 0Number of asset objects unloaded after import = 8

========================================================================
Received Import Request.
  Time since last request: 0.000017 seconds.
  path: Assets/Models/Nature/tree_1.prefab
  artifactKey: Guid(6cbe8cfbf862edd46aa137bca353fa3a) Importer(2089858483,192608db42251d675da83286b1cce702)
Start importing Assets/Models/Nature/tree_1.prefab using Guid(6cbe8cfbf862edd46aa137bca353fa3a) Importer(2089858483,192608db42251d675da83286b1cce702) (ScriptedImporter) -> (artifact id: '8f6264c45f0fad8837894c545277b1f5') in 0.0199199 seconds
Number of updated asset objects reloaded before import = 0Number of asset objects unloaded after import = 8

========================================================================
Received Import Request.
  Time since last request: 0.000017 seconds.
  path: Assets/Models/Nature/Plane.014.prefab
  artifactKey: Guid(9d4ae3eb391cea940bf20fbe13b6fbf3) Importer(2089858483,192608db42251d675da83286b1cce702)
Start importing Assets/Models/Nature/Plane.014.prefab using Guid(9d4ae3eb391cea940bf20fbe13b6fbf3) Importer(2089858483,192608db42251d675da83286b1cce702) (ScriptedImporter) -> (artifact id: 'd6313549f7a54235c37f555aa757d6d6') in 0.0221718 seconds
Number of updated asset objects reloaded before import = 0Number of asset objects unloaded after import = 8

========================================================================
Received Import Request.
  Time since last request: 0.000024 seconds.
  path: Assets/Models/Props/solar_panel_roof.prefab
  artifactKey: Guid(0fcdd4e950a8b65468430a7a003e5990) Importer(2089858483,192608db42251d675da83286b1cce702)
Start importing Assets/Models/Props/solar_panel_roof.prefab using Guid(0fcdd4e950a8b65468430a7a003e5990) Importer(2089858483,192608db42251d675da83286b1cce702) (ScriptedImporter) -> (artifact id: '425174504e881dc77dc18cf1cbbc2687') in 0.0234306 seconds
Number of updated asset objects reloaded before import = 0Number of asset objects unloaded after import = 8

========================================================================
Received Import Request.
  Time since last request: 0.000018 seconds.
  path: Assets/Models/Props/chair_plastic_yellow.prefab
  artifactKey: Guid(3a220331cc824c349805b11017b66547) Importer(2089858483,192608db42251d675da83286b1cce702)
Start importing Assets/Models/Props/chair_plastic_yellow.prefab using Guid(3a220331cc824c349805b11017b66547) Importer(2089858483,192608db42251d675da83286b1cce702) (ScriptedImporter) -> (artifact id: '866f5cdbfcf9669a5f7baed4f82d3632') in 0.0204842 seconds
Number of updated asset objects reloaded before import = 0Number of asset objects unloaded after import = 8

========================================================================
Received Import Request.
  Time since last request: 0.000017 seconds.
  path: Assets/Models/Nature/dune_2.prefab
  artifactKey: Guid(3830121367093ac49b75349d03964c2a) Importer(2089858483,192608db42251d675da83286b1cce702)
Start importing Assets/Models/Nature/dune_2.prefab using Guid(3830121367093ac49b75349d03964c2a) Importer(2089858483,192608db42251d675da83286b1cce702) (ScriptedImporter) -> (artifact id: 'b8c2f804f2d4178f9ec78642ffaa23ff') in 0.0203388 seconds
Number of updated asset objects reloaded before import = 0Number of asset objects unloaded after import = 8

========================================================================
Received Import Request.
  Time since last request: 0.000014 seconds.
  path: Assets/Models/Props/garbage_bin_blue.prefab
  artifactKey: Guid(39c67a80019aeb84da2c2ac42e1349f8) Importer(2089858483,192608db42251d675da83286b1cce702)
Start importing Assets/Models/Props/garbage_bin_blue.prefab using Guid(39c67a80019aeb84da2c2ac42e1349f8) Importer(2089858483,192608db42251d675da83286b1cce702) (ScriptedImporter) -> (artifact id: '1927d27a9c3b22d802c4146bab319a83') in 0.0214721 seconds
Number of updated asset objects reloaded before import = 0Number of asset objects unloaded after import = 13

========================================================================
Received Import Request.
  Time since last request: 0.000021 seconds.
  path: Assets/Models/Props/garbage_bag_smooth.prefab
  artifactKey: Guid(7941beebc83961a4da7d840e3d11e3c8) Importer(2089858483,192608db42251d675da83286b1cce702)
Start importing Assets/Models/Props/garbage_bag_smooth.prefab using Guid(7941beebc83961a4da7d840e3d11e3c8) Importer(2089858483,192608db42251d675da83286b1cce702) (ScriptedImporter) -> (artifact id: 'f30d93a8814794e0f6dc513e16d6b40f') in 0.0203288 seconds
Number of updated asset objects reloaded before import = 0Number of asset objects unloaded after import = 8

========================================================================
Received Import Request.
  Time since last request: 0.000025 seconds.
  path: Assets/Models/Amusment Park/park_entrance.prefab
  artifactKey: Guid(db40ca9172fd004428fa43af13d1ff5d) Importer(2089858483,192608db42251d675da83286b1cce702)
Start importing Assets/Models/Amusment Park/park_entrance.prefab using Guid(db40ca9172fd004428fa43af13d1ff5d) Importer(2089858483,192608db42251d675da83286b1cce702) (ScriptedImporter) -> (artifact id: 'f6d59737a3b338065d8c8101b8fb3cb5') in 0.0213349 seconds
Number of updated asset objects reloaded before import = 0Number of asset objects unloaded after import = 28

========================================================================
Received Import Request.
  Time since last request: 0.000017 seconds.
  path: Assets/Models/Nature/desert_stone_1.prefab
  artifactKey: Guid(80d07edc05e0cc949b832a95260e8386) Importer(2089858483,192608db42251d675da83286b1cce702)
Start importing Assets/Models/Nature/desert_stone_1.prefab using Guid(80d07edc05e0cc949b832a95260e8386) Importer(2089858483,192608db42251d675da83286b1cce702) (ScriptedImporter) -> (artifact id: '5958c113d6ec205b8ba2ecbb36d74551') in 0.0181862 seconds
Number of updated asset objects reloaded before import = 0Number of asset objects unloaded after import = 8

========================================================================
Received Import Request.
  Time since last request: 0.000013 seconds.
  path: Assets/Models/Amusment Park/cart_corn_dog.prefab
  artifactKey: Guid(311973c71a085854088e57a804d88f4a) Importer(2089858483,192608db42251d675da83286b1cce702)
Start importing Assets/Models/Amusment Park/cart_corn_dog.prefab using Guid(311973c71a085854088e57a804d88f4a) Importer(2089858483,192608db42251d675da83286b1cce702) (ScriptedImporter) -> (artifact id: '9785491ea139a8e7b161695acc6431b8') in 0.0172827 seconds
Number of updated asset objects reloaded before import = 0Number of asset objects unloaded after import = 13

========================================================================
Received Import Request.
  Time since last request: 0.000014 seconds.
  path: Assets/Models/Props/stool_wooden_2.prefab
  artifactKey: Guid(4ee13a23ad8157947aca8fe7403e46c9) Importer(2089858483,192608db42251d675da83286b1cce702)
Start importing Assets/Models/Props/stool_wooden_2.prefab using Guid(4ee13a23ad8157947aca8fe7403e46c9) Importer(2089858483,192608db42251d675da83286b1cce702) (ScriptedImporter) -> (artifact id: 'bd096476f3a016bd3258e3e64bbcc975') in 0.0207437 seconds
Number of updated asset objects reloaded before import = 0Number of asset objects unloaded after import = 8

========================================================================
Received Import Request.
  Time since last request: 0.000020 seconds.
  path: Assets/TextMesh Pro/Shaders/TMP_SDF-Mobile.shader
  artifactKey: Guid(fe393ace9b354375a9cb14cdbbc28be4) Importer(2089858483,192608db42251d675da83286b1cce702)
Start importing Assets/TextMesh Pro/Shaders/TMP_SDF-Mobile.shader using Guid(fe393ace9b354375a9cb14cdbbc28be4) Importer(2089858483,192608db42251d675da83286b1cce702) (ScriptedImporter) -> (artifact id: 'a67db61a273182465e0b17c40a7ef4a6') in 0.013592 seconds
Number of updated asset objects reloaded before import = 0Number of asset objects unloaded after import = 1

========================================================================
Received Import Request.
  Time since last request: 0.000023 seconds.
  path: Assets/TextMesh Pro/Resources/Fonts & Materials/LiberationSans SDF - Fallback.asset
  artifactKey: Guid(2e498d1c8094910479dc3e1b768306a4) Importer(2089858483,192608db42251d675da83286b1cce702)
Start importing Assets/TextMesh Pro/Resources/Fonts & Materials/LiberationSans SDF - Fallback.asset using Guid(2e498d1c8094910479dc3e1b768306a4) Importer(2089858483,192608db42251d675da83286b1cce702) (ScriptedImporter) -> (artifact id: 'a814c9d82b3ce582e42ccdb90eaade85') in 0.0440685 seconds
Number of updated asset objects reloaded before import = 0Number of asset objects unloaded after import = 5

========================================================================
Received Import Request.
  Time since last request: 0.000013 seconds.
  path: Assets/TextMesh Pro/Shaders/TMPro_Mobile.cginc
  artifactKey: Guid(c334973cef89a9840b0b0c507e0377ab) Importer(2089858483,192608db42251d675da83286b1cce702)
Start importing Assets/TextMesh Pro/Shaders/TMPro_Mobile.cginc using Guid(c334973cef89a9840b0b0c507e0377ab) Importer(2089858483,192608db42251d675da83286b1cce702) (ScriptedImporter) -> (artifact id: '50deda84b491c8c529652edd1d5f8428') in 0.0086173 seconds
Number of updated asset objects reloaded before import = 0Number of asset objects unloaded after import = 1

========================================================================
Received Import Request.
  Time since last request: 0.000013 seconds.
  path: Assets/TextMesh Pro/Shaders/TMP_SDF-URP Unlit.shadergraph
  artifactKey: Guid(124c112a6e8f1a54e8b0870e881b56d8) Importer(2089858483,192608db42251d675da83286b1cce702)
Start importing Assets/TextMesh Pro/Shaders/TMP_SDF-URP Unlit.shadergraph using Guid(124c112a6e8f1a54e8b0870e881b56d8) Importer(2089858483,192608db42251d675da83286b1cce702) (ScriptedImporter) -> (artifact id: '790ca448b9b1c8d7853f1826a45991d8') in 0.0299733 seconds
Number of updated asset objects reloaded before import = 0Number of asset objects unloaded after import = 4

========================================================================
Received Import Request.
  Time since last request: 0.000018 seconds.
  path: Assets/TextMesh Pro/Resources/Style Sheets
  artifactKey: Guid(4aecb92fff08436c8303b10eab8da368) Importer(2089858483,192608db42251d675da83286b1cce702)
Start importing Assets/TextMesh Pro/Resources/Style Sheets using Guid(4aecb92fff08436c8303b10eab8da368) Importer(2089858483,192608db42251d675da83286b1cce702) (ScriptedImporter) -> (artifact id: 'd9f08e2be0195d9e416ff07a8502551e') in 0.0105874 seconds
Number of updated asset objects reloaded before import = 0Number of asset objects unloaded after import = 1

========================================================================
Received Import Request.
  Time since last request: 0.000019 seconds.
  path: Assets/TextMesh Pro/Shaders
  artifactKey: Guid(e9f693669af91aa45ad615fc681ed29f) Importer(2089858483,192608db42251d675da83286b1cce702)
Start importing Assets/TextMesh Pro/Shaders using Guid(e9f693669af91aa45ad615fc681ed29f) Importer(2089858483,192608db42251d675da83286b1cce702) (ScriptedImporter) -> (artifact id: 'ea77a189bf9d55f05fce08c6a35403a8') in 0.0097411 seconds
Number of updated asset objects reloaded before import = 0Number of asset objects unloaded after import = 1

========================================================================
Received Import Request.
  Time since last request: 0.000028 seconds.
  path: Assets/Models/Props/fence_fair_3.prefab
  artifactKey: Guid(900f1ec43e515e14dae4df388406754a) Importer(2089858483,192608db42251d675da83286b1cce702)
Start importing Assets/Models/Props/fence_fair_3.prefab using Guid(900f1ec43e515e14dae4df388406754a) Importer(2089858483,192608db42251d675da83286b1cce702) (ScriptedImporter) -> (artifact id: '9bad3b61aeed9818c82a5f8892b5297f') in 0.0189417 seconds
Number of updated asset objects reloaded before import = 0Number of asset objects unloaded after import = 8

========================================================================
Received Import Request.
  Time since last request: 0.000013 seconds.
  path: Assets/Models/Amusment Park/ferris_wheel_rack.prefab
  artifactKey: Guid(861c7ac32f28d0d48afd1fa6702a3885) Importer(2089858483,192608db42251d675da83286b1cce702)
Start importing Assets/Models/Amusment Park/ferris_wheel_rack.prefab using Guid(861c7ac32f28d0d48afd1fa6702a3885) Importer(2089858483,192608db42251d675da83286b1cce702) (ScriptedImporter) -> (artifact id: 'b10c7533aff17f6bed380f3adfff1158') in 0.0205434 seconds
Number of updated asset objects reloaded before import = 0Number of asset objects unloaded after import = 18

========================================================================
Received Import Request.
  Time since last request: 0.000018 seconds.
  path: Assets/TextMesh Pro/Resources/TMP Settings.asset
  artifactKey: Guid(3f5b5dff67a942289a9defa416b206f3) Importer(2089858483,192608db42251d675da83286b1cce702)
Start importing Assets/TextMesh Pro/Resources/TMP Settings.asset using Guid(3f5b5dff67a942289a9defa416b206f3) Importer(2089858483,192608db42251d675da83286b1cce702) (ScriptedImporter) -> (artifact id: '9e402f9b577e54a9500189a4456657ab') in 0.0348368 seconds
Number of updated asset objects reloaded before import = 0Number of asset objects unloaded after import = 15

========================================================================
Received Import Request.
  Time since last request: 0.000014 seconds.
  path: Assets/TextMesh Pro/Sprites/EmojiOne.json
  artifactKey: Guid(8f05276190cf498a8153f6cbe761d4e6) Importer(2089858483,192608db42251d675da83286b1cce702)
Start importing Assets/TextMesh Pro/Sprites/EmojiOne.json using Guid(8f05276190cf498a8153f6cbe761d4e6) Importer(2089858483,192608db42251d675da83286b1cce702) (ScriptedImporter) -> (artifact id: '09a7e32ca2ac07413c5deeb7f8e50c42') in 0.0078669 seconds
Number of updated asset objects reloaded before import = 0Number of asset objects unloaded after import = 1

========================================================================
Received Import Request.
  Time since last request: 0.000016 seconds.
  path: Assets/TextMesh Pro/Shaders/TMP_SDF-Mobile-2-Pass.shader
  artifactKey: Guid(0178fcb869bafef4690d177d31d17db8) Importer(2089858483,192608db42251d675da83286b1cce702)
Start importing Assets/TextMesh Pro/Shaders/TMP_SDF-Mobile-2-Pass.shader using Guid(0178fcb869bafef4690d177d31d17db8) Importer(2089858483,192608db42251d675da83286b1cce702) (ScriptedImporter) -> (artifact id: '9993eca0964d47c9003b174ca675936d') in 0.0083272 seconds
Number of updated asset objects reloaded before import = 0Number of asset objects unloaded after import = 1

========================================================================
Received Import Request.
  Time since last request: 0.000027 seconds.
  path: Assets/TextMesh Pro/Shaders/TMP_SDF Overlay.shader
  artifactKey: Guid(dd89cf5b9246416f84610a006f916af7) Importer(2089858483,192608db42251d675da83286b1cce702)
Start importing Assets/TextMesh Pro/Shaders/TMP_SDF Overlay.shader using Guid(dd89cf5b9246416f84610a006f916af7) Importer(2089858483,192608db42251d675da83286b1cce702) (ScriptedImporter) -> (artifact id: 'f45c1a5c071eade6dea93eae0be1d91b') in 0.0107715 seconds
Number of updated asset objects reloaded before import = 0Number of asset objects unloaded after import = 1

========================================================================
Received Import Request.
  Time since last request: 0.000012 seconds.
  path: Assets/Thirdparty/Ciathyza/Gridbox Prototype Materials/Materials/HDRP/Prototype_512x512_Green1.mat
  artifactKey: Guid(f29b9efacb0fa1b45a6ebd5778585717) Importer(2089858483,192608db42251d675da83286b1cce702)
Start importing Assets/Thirdparty/Ciathyza/Gridbox Prototype Materials/Materials/HDRP/Prototype_512x512_Green1.mat using Guid(f29b9efacb0fa1b45a6ebd5778585717) Importer(2089858483,192608db42251d675da83286b1cce702) (ScriptedImporter) -> (artifact id: 'aefeb6ec583de868f13da2e78fd0d68e') in 0.0241971 seconds
Number of updated asset objects reloaded before import = 0Number of asset objects unloaded after import = 3

========================================================================
Received Import Request.
  Time since last request: 0.000017 seconds.
  path: Assets/Thirdparty/Ciathyza/Gridbox Prototype Materials/Materials/HDRP/Prototype_512x512_Grey1.mat
  artifactKey: Guid(64859cf955a5fb047880af754183e463) Importer(2089858483,192608db42251d675da83286b1cce702)
Start importing Assets/Thirdparty/Ciathyza/Gridbox Prototype Materials/Materials/HDRP/Prototype_512x512_Grey1.mat using Guid(64859cf955a5fb047880af754183e463) Importer(2089858483,192608db42251d675da83286b1cce702) (ScriptedImporter) -> (artifact id: '21788449571d926d1edfc805efd61089') in 0.018945 seconds
Number of updated asset objects reloaded before import = 0Number of asset objects unloaded after import = 3

========================================================================
Received Import Request.
  Time since last request: 0.000015 seconds.
  path: Assets/TextMesh Pro/Shaders/TMP_SDF-Mobile Overlay.shader
  artifactKey: Guid(a02a7d8c237544f1962732b55a9aebf1) Importer(2089858483,192608db42251d675da83286b1cce702)
Start importing Assets/TextMesh Pro/Shaders/TMP_SDF-Mobile Overlay.shader using Guid(a02a7d8c237544f1962732b55a9aebf1) Importer(2089858483,192608db42251d675da83286b1cce702) (ScriptedImporter) -> (artifact id: '25576fd36a27ffec1fbf57b70f7f00b9') in 0.0133375 seconds
Number of updated asset objects reloaded before import = 0Number of asset objects unloaded after import = 1

========================================================================
Received Import Request.
  Time since last request: 0.000013 seconds.
  path: Assets/Models/Props/ladder_1.prefab
  artifactKey: Guid(59bacd1b13660d245badcac23930b593) Importer(2089858483,192608db42251d675da83286b1cce702)
Start importing Assets/Models/Props/ladder_1.prefab using Guid(59bacd1b13660d245badcac23930b593) Importer(2089858483,192608db42251d675da83286b1cce702) (ScriptedImporter) -> (artifact id: 'b15b8727316ae05c332d705f4b7dea30') in 0.0168802 seconds
Number of updated asset objects reloaded before import = 0Number of asset objects unloaded after import = 8

========================================================================
Received Import Request.
  Time since last request: 0.000026 seconds.
  path: Assets/Scenes/SampleScene.unity
  artifactKey: Guid(99c9720ab356a0642a771bea13969a05) Importer(2089858483,192608db42251d675da83286b1cce702)
Start importing Assets/Scenes/SampleScene.unity using Guid(99c9720ab356a0642a771bea13969a05) Importer(2089858483,192608db42251d675da83286b1cce702) (ScriptedImporter) -> (artifact id: '41ebce90110a73cdf1860449e7cce7d1') in 0.016934 seconds
Number of updated asset objects reloaded before import = 0Number of asset objects unloaded after import = 1

========================================================================
Received Import Request.
  Time since last request: 0.000013 seconds.
  path: Assets/Thirdparty/Ciathyza/Gridbox Prototype Materials/Materials/HDRP/Prototype_512x512_Red.mat
  artifactKey: Guid(c61a55dba6ed64c4f8e865f32677062f) Importer(2089858483,192608db42251d675da83286b1cce702)
Start importing Assets/Thirdparty/Ciathyza/Gridbox Prototype Materials/Materials/HDRP/Prototype_512x512_Red.mat using Guid(c61a55dba6ed64c4f8e865f32677062f) Importer(2089858483,192608db42251d675da83286b1cce702) (ScriptedImporter) -> (artifact id: '71de56839e116a6e8463c7ae442c6874') in 0.020133 seconds
Number of updated asset objects reloaded before import = 0Number of asset objects unloaded after import = 3

========================================================================
Received Import Request.
  Time since last request: 0.000019 seconds.
  path: Assets/Animations/Player/Reload/@Shotgun - Reload (Not Read-Only).anim
  artifactKey: Guid(cf38fa92f23740c4ab0b30e9b5bdc3c8) Importer(2089858483,192608db42251d675da83286b1cce702)
Start importing Assets/Animations/Player/Reload/@Shotgun - Reload (Not Read-Only).anim using Guid(cf38fa92f23740c4ab0b30e9b5bdc3c8) Importer(2089858483,192608db42251d675da83286b1cce702) (ScriptedImporter) -> (artifact id: '9a7551a275324bd283a32e4e47e77200') in 0.0524119 seconds
Number of updated asset objects reloaded before import = 0Number of asset objects unloaded after import = 1

========================================================================
Received Import Request.
  Time since last request: 0.000018 seconds.
  path: Assets/Scripts/Target.cs
  artifactKey: Guid(599e48c1bb5d85b43a08df14ed8cd130) Importer(2089858483,192608db42251d675da83286b1cce702)
Start importing Assets/Scripts/Target.cs using Guid(599e48c1bb5d85b43a08df14ed8cd130) Importer(2089858483,192608db42251d675da83286b1cce702) (ScriptedImporter) -> (artifact id: 'a9a327fba141860ad95473c77eda270e') in 0.0094945 seconds
Number of updated asset objects reloaded before import = 0Number of asset objects unloaded after import = 0

========================================================================
Received Import Request.
  Time since last request: 0.000023 seconds.
  path: Assets/Animations/Player/character_main@Firing Rifle Shotgun Idle.fbx
  artifactKey: Guid(d20b771c29406a549a36d13fa5509235) Importer(2089858483,192608db42251d675da83286b1cce702)
Start importing Assets/Animations/Player/character_main@Firing Rifle Shotgun Idle.fbx using Guid(d20b771c29406a549a36d13fa5509235) Importer(2089858483,192608db42251d675da83286b1cce702) (ScriptedImporter) -> (artifact id: '227df2ac771a0666263f934100ced1c1') in 0.0156162 seconds
Number of updated asset objects reloaded before import = 0Number of asset objects unloaded after import = 72

========================================================================
Received Import Request.
  Time since last request: 0.000015 seconds.
  path: Assets/Models/Props/ladder_2.prefab
  artifactKey: Guid(0629fb6a08df0b54681cfb874b2c229d) Importer(2089858483,192608db42251d675da83286b1cce702)
Start importing Assets/Models/Props/ladder_2.prefab using Guid(0629fb6a08df0b54681cfb874b2c229d) Importer(2089858483,192608db42251d675da83286b1cce702) (ScriptedImporter) -> (artifact id: 'cbca83b4949aed8c8f311b8b84230471') in 0.0226058 seconds
Number of updated asset objects reloaded before import = 0Number of asset objects unloaded after import = 8

========================================================================
Received Import Request.
  Time since last request: 0.000012 seconds.
  path: Assets/Models/Nature/desert_stone_5.prefab
  artifactKey: Guid(9d2b910122c54ba43808ffefd1eefaf5) Importer(2089858483,192608db42251d675da83286b1cce702)
Start importing Assets/Models/Nature/desert_stone_5.prefab using Guid(9d2b910122c54ba43808ffefd1eefaf5) Importer(2089858483,192608db42251d675da83286b1cce702) (ScriptedImporter) -> (artifact id: '8f25d8224e805c9a5a0ab6a24c156902') in 0.0197931 seconds
Number of updated asset objects reloaded before import = 0Number of asset objects unloaded after import = 8

========================================================================
Received Import Request.
  Time since last request: 0.000015 seconds.
  path: Assets/Scripts/PlayerAim.cs
  artifactKey: Guid(eb8c74d0b0532b1408049e7cb598ffb7) Importer(2089858483,192608db42251d675da83286b1cce702)
Start importing Assets/Scripts/PlayerAim.cs using Guid(eb8c74d0b0532b1408049e7cb598ffb7) Importer(2089858483,192608db42251d675da83286b1cce702) (ScriptedImporter) -> (artifact id: 'fa38f029d5a3142c06fa9b909499ce2c') in 0.0096898 seconds
Number of updated asset objects reloaded before import = 0Number of asset objects unloaded after import = 0

========================================================================
Received Import Request.
  Time since last request: 0.000018 seconds.
  path: Assets/Models/Amusment Park/carousel.prefab
  artifactKey: Guid(41b96a2929df9924193ff4e114fc197d) Importer(2089858483,192608db42251d675da83286b1cce702)
Start importing Assets/Models/Amusment Park/carousel.prefab using Guid(41b96a2929df9924193ff4e114fc197d) Importer(2089858483,192608db42251d675da83286b1cce702) (ScriptedImporter) -> (artifact id: 'f67aa0208a7657ae76cf4d74ce15bdf3') in 0.0185241 seconds
Number of updated asset objects reloaded before import = 0Number of asset objects unloaded after import = 23

========================================================================
Received Import Request.
  Time since last request: 0.000020 seconds.
  path: Assets/Models/Props/fence_1.prefab
  artifactKey: Guid(a1dca2e881421c74d848e68fb0df1475) Importer(2089858483,192608db42251d675da83286b1cce702)
Start importing Assets/Models/Props/fence_1.prefab using Guid(a1dca2e881421c74d848e68fb0df1475) Importer(2089858483,192608db42251d675da83286b1cce702) (ScriptedImporter) -> (artifact id: 'e9a156bacb29b77b7e190d06aea408b2') in 0.0178111 seconds
Number of updated asset objects reloaded before import = 0Number of asset objects unloaded after import = 8

========================================================================
Received Import Request.
  Time since last request: 0.000014 seconds.
  path: Assets/Models/Dumpster/sea_container_blue.prefab
  artifactKey: Guid(3951e707a7089714b96bfca3de06cd7e) Importer(2089858483,192608db42251d675da83286b1cce702)
Start importing Assets/Models/Dumpster/sea_container_blue.prefab using Guid(3951e707a7089714b96bfca3de06cd7e) Importer(2089858483,192608db42251d675da83286b1cce702) (ScriptedImporter) -> (artifact id: 'c01525b2961152ec69a33983deb847e4') in 0.0220232 seconds
Number of updated asset objects reloaded before import = 0Number of asset objects unloaded after import = 8

========================================================================
Received Import Request.
  Time since last request: 0.000012 seconds.
  path: Assets/UpperBody.mask
  artifactKey: Guid(b41337e02508d7e458fc87462e28128b) Importer(2089858483,192608db42251d675da83286b1cce702)
Start importing Assets/UpperBody.mask using Guid(b41337e02508d7e458fc87462e28128b) Importer(2089858483,192608db42251d675da83286b1cce702) (ScriptedImporter) -> (artifact id: '84331271c7fb5feaae4c5da5cf05d45b') in 0.0103878 seconds
Number of updated asset objects reloaded before import = 0Number of asset objects unloaded after import = 1

========================================================================
Received Import Request.
  Time since last request: 0.000013 seconds.
  path: Assets/TextMesh Pro/Sprites/EmojiOne Attribution.txt
  artifactKey: Guid(381dcb09d5029d14897e55f98031fca5) Importer(2089858483,192608db42251d675da83286b1cce702)
Start importing Assets/TextMesh Pro/Sprites/EmojiOne Attribution.txt using Guid(381dcb09d5029d14897e55f98031fca5) Importer(2089858483,192608db42251d675da83286b1cce702) (ScriptedImporter) -> (artifact id: '98f23df3354d3171427f23c79f50906e') in 0.008543 seconds
Number of updated asset objects reloaded before import = 0Number of asset objects unloaded after import = 1

========================================================================
Received Import Request.
  Time since last request: 0.000020 seconds.
  path: Assets/TextMesh Pro/Fonts/LiberationSans.ttf
  artifactKey: Guid(e3265ab4bf004d28a9537516768c1c75) Importer(2089858483,192608db42251d675da83286b1cce702)
Start importing Assets/TextMesh Pro/Fonts/LiberationSans.ttf using Guid(e3265ab4bf004d28a9537516768c1c75) Importer(2089858483,192608db42251d675da83286b1cce702) (ScriptedImporter) -> (artifact id: '7fce7c8da35fa2ac5e67398f74c6d4c5') in 0.0177743 seconds
Number of updated asset objects reloaded before import = 0Number of asset objects unloaded after import = 3

Editor requested this worker to shutdown with reason: Scaling down because of idle timeout
AssetImportWorker is now disconnected from the server
Process exiting
Exiting without the bug reporter. Application will terminate with return code 0